#
# There is insufficient memory for the Java Runtime Environment to continue.
# Native memory allocation (malloc) failed to allocate 89653248 bytes for committing reserved memory.
# Possible reasons:
#   The system is out of physical RAM or swap space
#   In 32 bit mode, the process size limit was hit
# Possible solutions:
#   Reduce memory load on the system
#   Increase physical memory or swap space
#   Check if swap backing store is full
#   Use 64 bit Java on a 64 bit OS
#   Decrease Java heap size (-Xmx/-Xms)
#   Decrease number of Java threads
#   Decrease Java thread stack sizes (-Xss)
#   Set larger code cache with -XX:ReservedCodeCacheSize=
# This output file may be truncated or incomplete.
#
#  Out of Memory Error (os_linux.cpp:2798), pid=7323, tid=140010106799872
#
# JRE version:  (7.0_75-b13) (build )
# Java VM: OpenJDK 64-Bit Server VM (24.75-b04 mixed mode linux-amd64 compressed oops)
# Derivative: IcedTea 2.5.4
# Distribution: Ubuntu 14.04 LTS, package 7u75-2.5.4-1~trusty1
# Failed to write core dump. Core dumps have been disabled. To enable core dumping, try "ulimit -c unlimited" before starting Java again
#

---------------  T H R E A D  ---------------

Current thread (0x00007f569c00a000):  JavaThread "Unknown thread" [_thread_in_vm, id=7326, stack(0x00007f56a49e4000,0x00007f56a4ae5000)]

Stack: [0x00007f56a49e4000,0x00007f56a4ae5000],  sp=0x00007f56a4ae34b0,  free space=1021k
Native frames: (J=compiled Java code, j=interpreted, Vv=VM code, C=native code)
V  [libjvm.so+0x94a9d5]  VMError::report_and_die()+0x175
V  [libjvm.so+0x48b954]  report_vm_out_of_memory(char const*, int, unsigned long, char const*)+0x74
V  [libjvm.so+0x7c7b7b]  os::pd_commit_memory(char*, unsigned long, unsigned long, bool)+0xeb
V  [libjvm.so+0x7c263f]  os::commit_memory(char*, unsigned long, unsigned long, bool)+0x1f
V  [libjvm.so+0x834b1b]  PSVirtualSpace::expand_by(unsigned long)+0x5b
V  [libjvm.so+0x83588b]  PSYoungGen::initialize_virtual_space(ReservedSpace, unsigned long)+0xbb
V  [libjvm.so+0x835f60]  PSYoungGen::initialize(ReservedSpace, unsigned long)+0x50
V  [libjvm.so+0x2a5792]  AdjoiningGenerations::AdjoiningGenerations(ReservedSpace, unsigned long, unsigned long, unsigned long, unsigned long, unsigned long, unsigned long, unsigned long)+0x342
V  [libjvm.so+0x7e8070]  ParallelScavengeHeap::initialize()+0x5b0
V  [libjvm.so+0x91b447]  Universe::initialize_heap()+0xc7
V  [libjvm.so+0x91b777]  universe_init()+0x67
V  [libjvm.so+0x59d1d5]  init_globals()+0x55
V  [libjvm.so+0x8fe15f]  Threads::create_vm(JavaVMInitArgs*, bool*)+0x35f
V  [libjvm.so+0x608554]  JNI_CreateJavaVM+0x54
C  [libjli.so+0x2b48]


---------------  P R O C E S S  ---------------

Java Threads: ( => current thread )

Other Threads:

=>0x00007f569c00a000 (exited) JavaThread "Unknown thread" [_thread_in_vm, id=7326, stack(0x00007f56a49e4000,0x00007f56a4ae5000)]

VM state:not at safepoint (not fully initialized)

VM Mutex/Monitor currently owned by a thread: None

GC Heap History (0 events):
No events

Deoptimization events (0 events):
No events

Internal exceptions (0 events):
No events

Events (0 events):
No events


Dynamic libraries:
00400000-00401000 r-xp 00000000 08:07 287590                             /usr/lib/jvm/java-7-openjdk-amd64/jre/bin/java
00600000-00601000 r--p 00000000 08:07 287590                             /usr/lib/jvm/java-7-openjdk-amd64/jre/bin/java
00601000-00602000 rw-p 00001000 08:07 287590                             /usr/lib/jvm/java-7-openjdk-amd64/jre/bin/java
0105b000-0107c000 rw-p 00000000 00:00 0                                  [heap]
b0000000-eaa80000 rw-p 00000000 00:00 0 
f0000000-100000000 rw-p 00000000 00:00 0 
7f5699000000-7f5699270000 rwxp 00000000 00:00 0 
7f5699270000-7f569c022000 rw-p 00000000 00:00 0 
7f569c022000-7f56a0000000 ---p 00000000 00:00 0 
7f56a1170000-7f56a13aa000 rw-p 00000000 00:00 0 
7f56a13aa000-7f56a162a000 rw-p 00000000 00:00 0 
7f56a162a000-7f56a162b000 rw-p 00000000 00:00 0 
7f56a162b000-7f56a1633000 r-xp 00000000 08:07 287587                     /usr/lib/jvm/java-7-openjdk-amd64/jre/lib/amd64/libzip.so
7f56a1633000-7f56a1832000 ---p 00008000 08:07 287587                     /usr/lib/jvm/java-7-openjdk-amd64/jre/lib/amd64/libzip.so
7f56a1832000-7f56a1833000 r--p 00007000 08:07 287587                     /usr/lib/jvm/java-7-openjdk-amd64/jre/lib/amd64/libzip.so
7f56a1833000-7f56a1834000 rw-p 00008000 08:07 287587                     /usr/lib/jvm/java-7-openjdk-amd64/jre/lib/amd64/libzip.so
7f56a1834000-7f56a183f000 r-xp 00000000 08:07 660688                     /lib/x86_64-linux-gnu/libnss_files-2.19.so
7f56a183f000-7f56a1a3e000 ---p 0000b000 08:07 660688                     /lib/x86_64-linux-gnu/libnss_files-2.19.so
7f56a1a3e000-7f56a1a3f000 r--p 0000a000 08:07 660688                     /lib/x86_64-linux-gnu/libnss_files-2.19.so
7f56a1a3f000-7f56a1a40000 rw-p 0000b000 08:07 660688                     /lib/x86_64-linux-gnu/libnss_files-2.19.so
7f56a1a40000-7f56a1a4b000 r-xp 00000000 08:07 674762                     /lib/x86_64-linux-gnu/libnss_nis-2.19.so
7f56a1a4b000-7f56a1c4a000 ---p 0000b000 08:07 674762                     /lib/x86_64-linux-gnu/libnss_nis-2.19.so
7f56a1c4a000-7f56a1c4b000 r--p 0000a000 08:07 674762                     /lib/x86_64-linux-gnu/libnss_nis-2.19.so
7f56a1c4b000-7f56a1c4c000 rw-p 0000b000 08:07 674762                     /lib/x86_64-linux-gnu/libnss_nis-2.19.so
7f56a1c4c000-7f56a1c63000 r-xp 00000000 08:07 674696                     /lib/x86_64-linux-gnu/libnsl-2.19.so
7f56a1c63000-7f56a1e62000 ---p 00017000 08:07 674696                     /lib/x86_64-linux-gnu/libnsl-2.19.so
7f56a1e62000-7f56a1e63000 r--p 00016000 08:07 674696                     /lib/x86_64-linux-gnu/libnsl-2.19.so
7f56a1e63000-7f56a1e64000 rw-p 00017000 08:07 674696                     /lib/x86_64-linux-gnu/libnsl-2.19.so
7f56a1e64000-7f56a1e66000 rw-p 00000000 00:00 0 
7f56a1e66000-7f56a1e6f000 r-xp 00000000 08:07 674695                     /lib/x86_64-linux-gnu/libnss_compat-2.19.so
7f56a1e6f000-7f56a206e000 ---p 00009000 08:07 674695                     /lib/x86_64-linux-gnu/libnss_compat-2.19.so
7f56a206e000-7f56a206f000 r--p 00008000 08:07 674695                     /lib/x86_64-linux-gnu/libnss_compat-2.19.so
7f56a206f000-7f56a2070000 rw-p 00009000 08:07 674695                     /lib/x86_64-linux-gnu/libnss_compat-2.19.so
7f56a2070000-7f56a209b000 r-xp 00000000 08:07 287572                     /usr/lib/jvm/java-7-openjdk-amd64/jre/lib/amd64/libjava.so
7f56a209b000-7f56a229b000 ---p 0002b000 08:07 287572                     /usr/lib/jvm/java-7-openjdk-amd64/jre/lib/amd64/libjava.so
7f56a229b000-7f56a229c000 r--p 0002b000 08:07 287572                     /usr/lib/jvm/java-7-openjdk-amd64/jre/lib/amd64/libjava.so
7f56a229c000-7f56a229e000 rw-p 0002c000 08:07 287572                     /usr/lib/jvm/java-7-openjdk-amd64/jre/lib/amd64/libjava.so
7f56a229e000-7f56a22ae000 r-xp 00000000 08:07 287571                     /usr/lib/jvm/java-7-openjdk-amd64/jre/lib/amd64/libverify.so
7f56a22ae000-7f56a24ad000 ---p 00010000 08:07 287571                     /usr/lib/jvm/java-7-openjdk-amd64/jre/lib/amd64/libverify.so
7f56a24ad000-7f56a24af000 r--p 0000f000 08:07 287571                     /usr/lib/jvm/java-7-openjdk-amd64/jre/lib/amd64/libverify.so
7f56a24af000-7f56a24b0000 rw-p 00011000 08:07 287571                     /usr/lib/jvm/java-7-openjdk-amd64/jre/lib/amd64/libverify.so
7f56a24b0000-7f56a24b7000 r-xp 00000000 08:07 674756                     /lib/x86_64-linux-gnu/librt-2.19.so
7f56a24b7000-7f56a26b6000 ---p 00007000 08:07 674756                     /lib/x86_64-linux-gnu/librt-2.19.so
7f56a26b6000-7f56a26b7000 r--p 00006000 08:07 674756                     /lib/x86_64-linux-gnu/librt-2.19.so
7f56a26b7000-7f56a26b8000 rw-p 00007000 08:07 674756                     /lib/x86_64-linux-gnu/librt-2.19.so
7f56a26b8000-7f56a26ce000 r-xp 00000000 08:07 655800                     /lib/x86_64-linux-gnu/libgcc_s.so.1
7f56a26ce000-7f56a28cd000 ---p 00016000 08:07 655800                     /lib/x86_64-linux-gnu/libgcc_s.so.1
7f56a28cd000-7f56a28ce000 rw-p 00015000 08:07 655800                     /lib/x86_64-linux-gnu/libgcc_s.so.1
7f56a28ce000-7f56a29d3000 r-xp 00000000 08:07 660687                     /lib/x86_64-linux-gnu/libm-2.19.so
7f56a29d3000-7f56a2bd2000 ---p 00105000 08:07 660687                     /lib/x86_64-linux-gnu/libm-2.19.so
7f56a2bd2000-7f56a2bd3000 r--p 00104000 08:07 660687                     /lib/x86_64-linux-gnu/libm-2.19.so
7f56a2bd3000-7f56a2bd4000 rw-p 00105000 08:07 660687                     /lib/x86_64-linux-gnu/libm-2.19.so
7f56a2bd4000-7f56a2cba000 r-xp 00000000 08:07 263865                     /usr/lib/x86_64-linux-gnu/libstdc++.so.6.0.19
7f56a2cba000-7f56a2eb9000 ---p 000e6000 08:07 263865                     /usr/lib/x86_64-linux-gnu/libstdc++.so.6.0.19
7f56a2eb9000-7f56a2ec1000 r--p 000e5000 08:07 263865                     /usr/lib/x86_64-linux-gnu/libstdc++.so.6.0.19
7f56a2ec1000-7f56a2ec3000 rw-p 000ed000 08:07 263865                     /usr/lib/x86_64-linux-gnu/libstdc++.so.6.0.19
7f56a2ec3000-7f56a2ed8000 rw-p 00000000 00:00 0 
7f56a2ed8000-7f56a39f0000 r-xp 00000000 08:07 287576                     /usr/lib/jvm/java-7-openjdk-amd64/jre/lib/amd64/server/libjvm.so
7f56a39f0000-7f56a3bf0000 ---p 00b18000 08:07 287576                     /usr/lib/jvm/java-7-openjdk-amd64/jre/lib/amd64/server/libjvm.so
7f56a3bf0000-7f56a3c8a000 r--p 00b18000 08:07 287576                     /usr/lib/jvm/java-7-openjdk-amd64/jre/lib/amd64/server/libjvm.so
7f56a3c8a000-7f56a3cad000 rw-p 00bb2000 08:07 287576                     /usr/lib/jvm/java-7-openjdk-amd64/jre/lib/amd64/server/libjvm.so
7f56a3cad000-7f56a3cdb000 rw-p 00000000 00:00 0 
7f56a3cdb000-7f56a3cf3000 r-xp 00000000 08:07 659758                     /lib/x86_64-linux-gnu/libz.so.1.2.8
7f56a3cf3000-7f56a3ef2000 ---p 00018000 08:07 659758                     /lib/x86_64-linux-gnu/libz.so.1.2.8
7f56a3ef2000-7f56a3ef3000 r--p 00017000 08:07 659758                     /lib/x86_64-linux-gnu/libz.so.1.2.8
7f56a3ef3000-7f56a3ef4000 rw-p 00018000 08:07 659758                     /lib/x86_64-linux-gnu/libz.so.1.2.8
7f56a3ef4000-7f56a3f0d000 r-xp 00000000 08:07 674744                     /lib/x86_64-linux-gnu/libpthread-2.19.so
7f56a3f0d000-7f56a410c000 ---p 00019000 08:07 674744                     /lib/x86_64-linux-gnu/libpthread-2.19.so
7f56a410c000-7f56a410d000 r--p 00018000 08:07 674744                     /lib/x86_64-linux-gnu/libpthread-2.19.so
7f56a410d000-7f56a410e000 rw-p 00019000 08:07 674744                     /lib/x86_64-linux-gnu/libpthread-2.19.so
7f56a410e000-7f56a4112000 rw-p 00000000 00:00 0 
7f56a4112000-7f56a4115000 r-xp 00000000 08:07 660867                     /lib/x86_64-linux-gnu/libdl-2.19.so
7f56a4115000-7f56a4314000 ---p 00003000 08:07 660867                     /lib/x86_64-linux-gnu/libdl-2.19.so
7f56a4314000-7f56a4315000 r--p 00002000 08:07 660867                     /lib/x86_64-linux-gnu/libdl-2.19.so
7f56a4315000-7f56a4316000 rw-p 00003000 08:07 660867                     /lib/x86_64-linux-gnu/libdl-2.19.so
7f56a4316000-7f56a44d1000 r-xp 00000000 08:07 674706                     /lib/x86_64-linux-gnu/libc-2.19.so
7f56a44d1000-7f56a46d0000 ---p 001bb000 08:07 674706                     /lib/x86_64-linux-gnu/libc-2.19.so
7f56a46d0000-7f56a46d4000 r--p 001ba000 08:07 674706                     /lib/x86_64-linux-gnu/libc-2.19.so
7f56a46d4000-7f56a46d6000 rw-p 001be000 08:07 674706                     /lib/x86_64-linux-gnu/libc-2.19.so
7f56a46d6000-7f56a46db000 rw-p 00000000 00:00 0 
7f56a46db000-7f56a46e8000 r-xp 00000000 08:07 287555                     /usr/lib/jvm/java-7-openjdk-amd64/jre/lib/amd64/jli/libjli.so
7f56a46e8000-7f56a48e7000 ---p 0000d000 08:07 287555                     /usr/lib/jvm/java-7-openjdk-amd64/jre/lib/amd64/jli/libjli.so
7f56a48e7000-7f56a48e8000 r--p 0000c000 08:07 287555                     /usr/lib/jvm/java-7-openjdk-amd64/jre/lib/amd64/jli/libjli.so
7f56a48e8000-7f56a48e9000 rw-p 0000d000 08:07 287555                     /usr/lib/jvm/java-7-openjdk-amd64/jre/lib/amd64/jli/libjli.so
7f56a48e9000-7f56a490c000 r-xp 00000000 08:07 674698                     /lib/x86_64-linux-gnu/ld-2.19.so
7f56a4924000-7f56a492e000 rw-p 00000000 00:00 0 
7f56a492e000-7f56a49e4000 rw-p 00000000 00:00 0 
7f56a49e4000-7f56a49e7000 ---p 00000000 00:00 0 
7f56a49e7000-7f56a4aea000 rw-p 00000000 00:00 0                          [stack:7326]
7f56a4afd000-7f56a4aff000 rw-p 00000000 00:00 0 
7f56a4aff000-7f56a4b07000 rw-s 00000000 08:07 132370                     /tmp/hsperfdata_shree/7323
7f56a4b07000-7f56a4b08000 rw-p 00000000 00:00 0 
7f56a4b08000-7f56a4b09000 r--p 00000000 00:00 0 
7f56a4b09000-7f56a4b0b000 rw-p 00000000 00:00 0 
7f56a4b0b000-7f56a4b0c000 r--p 00022000 08:07 674698                     /lib/x86_64-linux-gnu/ld-2.19.so
7f56a4b0c000-7f56a4b0d000 rw-p 00023000 08:07 674698                     /lib/x86_64-linux-gnu/ld-2.19.so
7f56a4b0d000-7f56a4b0e000 rw-p 00000000 00:00 0 
7fff71ae0000-7fff71b01000 rw-p 00000000 00:00 0                          [stack]
7fff71b5d000-7fff71b5f000 r-xp 00000000 00:00 0                          [vdso]
ffffffffff600000-ffffffffff601000 r-xp 00000000 00:00 0                  [vsyscall]

VM Arguments:
jvm_args: -Xms256m -Xmx1024m -XX:PermSize=64m -XX:MaxPermSize=256m 
java_command: /home/shree/.sbt/launchers/sbt-launch-d860ad03ff560e356a62666e385c2c121ea308c5.jar @load:file:/tmp/sbtlaunch6306259945996400729config
Launcher Type: SUN_STANDARD

Environment Variables:
PATH=/usr/local/sbin:/usr/local/bin:/usr/sbin:/usr/bin:/sbin:/bin:/usr/games:/usr/local/games:/media/shree/D/chowta/classes/1/web2.0/peeyush/activator-1.3.2-minimal/
SHELL=/bin/bash
DISPLAY=:0

Signal Handlers:
SIGSEGV: [libjvm.so+0x94b4b0], sa_mask[0]=0x7ffbfeff, sa_flags=0x10000004
SIGBUS: [libjvm.so+0x94b4b0], sa_mask[0]=0x7ffbfeff, sa_flags=0x10000004
SIGFPE: [libjvm.so+0x7c3390], sa_mask[0]=0x7ffbfeff, sa_flags=0x10000004
SIGPIPE: [libjvm.so+0x7c3390], sa_mask[0]=0x7ffbfeff, sa_flags=0x10000004
SIGXFSZ: [libjvm.so+0x7c3390], sa_mask[0]=0x7ffbfeff, sa_flags=0x10000004
SIGILL: [libjvm.so+0x7c3390], sa_mask[0]=0x7ffbfeff, sa_flags=0x10000004
SIGUSR1: SIG_DFL, sa_mask[0]=0x00000000, sa_flags=0x00000000
SIGUSR2: [libjvm.so+0x7c3230], sa_mask[0]=0x00000004, sa_flags=0x10000004
SIGHUP: SIG_DFL, sa_mask[0]=0x00000000, sa_flags=0x00000000
SIGINT: SIG_DFL, sa_mask[0]=0x00000000, sa_flags=0x00000000
SIGTERM: SIG_DFL, sa_mask[0]=0x00000000, sa_flags=0x00000000
SIGQUIT: SIG_DFL, sa_mask[0]=0x00000000, sa_flags=0x00000000
SIGTRAP: SIG_DFL, sa_mask[0]=0x00000000, sa_flags=0x00000000


---------------  S Y S T E M  ---------------

OS:Ubuntu 14.04 (trusty)
uname:Linux 3.13.0-46-generic #79-Ubuntu SMP Tue Mar 10 20:06:50 UTC 2015 x86_64
libc:glibc 2.19 NPTL 2.19 
rlimit: STACK 8192k, CORE 0k, NPROC 30380, NOFILE 4096, AS infinity
load average:9.32 5.09 2.65

/proc/meminfo:
MemTotal:        3910296 kB
MemFree:          113520 kB
Buffers:            1328 kB
Cached:           312824 kB
SwapCached:        29468 kB
Active:          2849964 kB
Inactive:         758088 kB
Active(anon):    2836364 kB
Inactive(anon):   719560 kB
Active(file):      13600 kB
Inactive(file):    38528 kB
Unevictable:         216 kB
Mlocked:             216 kB
SwapTotal:        975868 kB
SwapFree:            112 kB
Dirty:               240 kB
Writeback:             0 kB
AnonPages:       3266436 kB
Mapped:           106160 kB
Shmem:            261860 kB
Slab:              63468 kB
SReclaimable:      24460 kB
SUnreclaim:        39008 kB
KernelStack:        5880 kB
PageTables:        60600 kB
NFS_Unstable:          0 kB
Bounce:                0 kB
WritebackTmp:          0 kB
CommitLimit:     2931016 kB
Committed_AS:   10207112 kB
VmallocTotal:   34359738367 kB
VmallocUsed:      347400 kB
VmallocChunk:   34359374812 kB
HardwareCorrupted:     0 kB
AnonHugePages:   1132544 kB
HugePages_Total:       0
HugePages_Free:        0
HugePages_Rsvd:        0
HugePages_Surp:        0
Hugepagesize:       2048 kB
DirectMap4k:       73196 kB
DirectMap2M:     3983360 kB


CPU:total 4 (2 cores per cpu, 2 threads per core) family 6 model 58 stepping 9, cmov, cx8, fxsr, mmx, sse, sse2, sse3, ssse3, sse4.1, sse4.2, popcnt, avx, erms, ht, tsc, tscinvbit, tscinv

/proc/cpuinfo:
processor	: 0
vendor_id	: GenuineIntel
cpu family	: 6
model		: 58
model name	: Intel(R) Core(TM) i3-3110M CPU @ 2.40GHz
stepping	: 9
microcode	: 0x15
cpu MHz		: 2400.000
cache size	: 3072 KB
physical id	: 0
siblings	: 4
core id		: 0
cpu cores	: 2
apicid		: 0
initial apicid	: 0
fpu		: yes
fpu_exception	: yes
cpuid level	: 13
wp		: yes
flags		: fpu vme de pse tsc msr pae mce cx8 apic sep mtrr pge mca cmov pat pse36 clflush dts acpi mmx fxsr sse sse2 ss ht tm pbe syscall nx rdtscp lm constant_tsc arch_perfmon pebs bts rep_good nopl xtopology nonstop_tsc aperfmperf eagerfpu pni pclmulqdq dtes64 monitor ds_cpl vmx est tm2 ssse3 cx16 xtpr pdcm pcid sse4_1 sse4_2 x2apic popcnt tsc_deadline_timer xsave avx f16c lahf_lm arat epb xsaveopt pln pts dtherm tpr_shadow vnmi flexpriority ept vpid fsgsbase smep erms
bogomips	: 4788.90
clflush size	: 64
cache_alignment	: 64
address sizes	: 36 bits physical, 48 bits virtual
power management:

processor	: 1
vendor_id	: GenuineIntel
cpu family	: 6
model		: 58
model name	: Intel(R) Core(TM) i3-3110M CPU @ 2.40GHz
stepping	: 9
microcode	: 0x15
cpu MHz		: 1200.000
cache size	: 3072 KB
physical id	: 0
siblings	: 4
core id		: 1
cpu cores	: 2
apicid		: 2
initial apicid	: 2
fpu		: yes
fpu_exception	: yes
cpuid level	: 13
wp		: yes
flags		: fpu vme de pse tsc msr pae mce cx8 apic sep mtrr pge mca cmov pat pse36 clflush dts acpi mmx fxsr sse sse2 ss ht tm pbe syscall nx rdtscp lm constant_tsc arch_perfmon pebs bts rep_good nopl xtopology nonstop_tsc aperfmperf eagerfpu pni pclmulqdq dtes64 monitor ds_cpl vmx est tm2 ssse3 cx16 xtpr pdcm pcid sse4_1 sse4_2 x2apic popcnt tsc_deadline_timer xsave avx f16c lahf_lm arat epb xsaveopt pln pts dtherm tpr_shadow vnmi flexpriority ept vpid fsgsbase smep erms
bogomips	: 4788.90
clflush size	: 64
cache_alignment	: 64
address sizes	: 36 bits physical, 48 bits virtual
power management:

processor	: 2
vendor_id	: GenuineIntel
cpu family	: 6
model		: 58
model name	: Intel(R) Core(TM) i3-3110M CPU @ 2.40GHz
stepping	: 9
microcode	: 0x15
cpu MHz		: 2400.000
cache size	: 3072 KB
physical id	: 0
siblings	: 4
core id		: 0
cpu cores	: 2
apicid		: 1
initial apicid	: 1
fpu		: yes
fpu_exception	: yes
cpuid level	: 13
wp		: yes
flags		: fpu vme de pse tsc msr pae mce cx8 apic sep mtrr pge mca cmov pat pse36 clflush dts acpi mmx fxsr sse sse2 ss ht tm pbe syscall nx rdtscp lm constant_tsc arch_perfmon pebs bts rep_good nopl xtopology nonstop_tsc aperfmperf eagerfpu pni pclmulqdq dtes64 monitor ds_cpl vmx est tm2 ssse3 cx16 xtpr pdcm pcid sse4_1 sse4_2 x2apic popcnt tsc_deadline_timer xsave avx f16c lahf_lm arat epb xsaveopt pln pts dtherm tpr_shadow vnmi flexpriority ept vpid fsgsbase smep erms
bogomips	: 4788.90
clflush size	: 64
cache_alignment	: 64
address sizes	: 36 bits physical, 48 bits virtual
power management:

processor	: 3
vendor_id	: GenuineIntel
cpu family	: 6
model		: 58
model name	: Intel(R) Core(TM) i3-3110M CPU @ 2.40GHz
stepping	: 9
microcode	: 0x15
cpu MHz		: 1200.000
cache size	: 3072 KB
physical id	: 0
siblings	: 4
core id		: 1
cpu cores	: 2
apicid		: 3
initial apicid	: 3
fpu		: yes
fpu_exception	: yes
cpuid level	: 13
wp		: yes
flags		: fpu vme de pse tsc msr pae mce cx8 apic sep mtrr pge mca cmov pat pse36 clflush dts acpi mmx fxsr sse sse2 ss ht tm pbe syscall nx rdtscp lm constant_tsc arch_perfmon pebs bts rep_good nopl xtopology nonstop_tsc aperfmperf eagerfpu pni pclmulqdq dtes64 monitor ds_cpl vmx est tm2 ssse3 cx16 xtpr pdcm pcid sse4_1 sse4_2 x2apic popcnt tsc_deadline_timer xsave avx f16c lahf_lm arat epb xsaveopt pln pts dtherm tpr_shadow vnmi flexpriority ept vpid fsgsbase smep erms
bogomips	: 4788.90
clflush size	: 64
cache_alignment	: 64
address sizes	: 36 bits physical, 48 bits virtual
power management:



Memory: 4k page, physical 3910296k(113520k free), swap 975868k(112k free)

vm_info: OpenJDK 64-Bit Server VM (24.75-b04) for linux-amd64 JRE (1.7.0_75-b13), built on Jan 27 2015 00:38:59 by "buildd" with gcc 4.8.2

time: Sat Mar 14 12:40:48 2015
elapsed time: 83 seconds

