2015-03-14 13:51:04,495 - [INFO] - from play in play-fork-run-akka.actor.default-dispatcher-6 
Listening for HTTP on /0:0:0:0:0:0:0:0:9000

2015-03-14 13:51:49,796 - [INFO] - from play in play-internal-execution-context-1 
Application started (Dev)

2015-03-14 13:51:51,784 - [ERROR] - from com.datastax.driver.core.TableMetadata in play-akka.actor.default-dispatcher-7 
Error parsing schema options for table system.IndexInfo: Cluster.getMetadata().getKeyspace("system").getTable("IndexInfo").getOptions() will return null
java.lang.IllegalArgumentException: populate_io_cache_on_flush is not a column defined in this metadata
	at com.datastax.driver.core.ColumnDefinitions.getAllIdx(ColumnDefinitions.java:273) ~[cassandra-driver-core-2.0.2.jar:na]
	at com.datastax.driver.core.ColumnDefinitions.getFirstIdx(ColumnDefinitions.java:279) ~[cassandra-driver-core-2.0.2.jar:na]
	at com.datastax.driver.core.ArrayBackedRow.isNull(ArrayBackedRow.java:56) ~[cassandra-driver-core-2.0.2.jar:na]
	at com.datastax.driver.core.TableMetadata$Options.<init>(TableMetadata.java:529) ~[cassandra-driver-core-2.0.2.jar:na]
	at com.datastax.driver.core.TableMetadata.build(TableMetadata.java:119) ~[cassandra-driver-core-2.0.2.jar:na]
	at com.datastax.driver.core.Metadata.buildTableMetadata(Metadata.java:150) [cassandra-driver-core-2.0.2.jar:na]
	at com.datastax.driver.core.Metadata.rebuildSchema(Metadata.java:94) [cassandra-driver-core-2.0.2.jar:na]
	at com.datastax.driver.core.ControlConnection.refreshSchema(ControlConnection.java:294) [cassandra-driver-core-2.0.2.jar:na]
	at com.datastax.driver.core.ControlConnection.tryConnect(ControlConnection.java:231) [cassandra-driver-core-2.0.2.jar:na]
	at com.datastax.driver.core.ControlConnection.reconnectInternal(ControlConnection.java:171) [cassandra-driver-core-2.0.2.jar:na]
	at com.datastax.driver.core.ControlConnection.connect(ControlConnection.java:79) [cassandra-driver-core-2.0.2.jar:na]
	at com.datastax.driver.core.Cluster$Manager.init(Cluster.java:1104) [cassandra-driver-core-2.0.2.jar:na]
	at com.datastax.driver.core.Cluster.getMetadata(Cluster.java:271) [cassandra-driver-core-2.0.2.jar:na]
	at cassandraQueryIntf.CassandraConnector.connect(CassandraConnector.java:42) [classes/:na]
	at cassandraQueryIntf.CassandraReader.getDataFromCassandra(CassandraReader.java:36) [classes/:na]
	at controllers.Application$11.apply(Application.java:332) [classes/:na]
	at controllers.Application$11.apply(Application.java:330) [classes/:na]
	at play.core.j.FPromiseHelper$$anonfun$promise$2.apply(FPromiseHelper.scala:36) [play_2.11-2.3.8.jar:2.3.8]
	at scala.concurrent.impl.Future$PromiseCompletingRunnable.liftedTree1$1(Future.scala:24) [scala-library-2.11.1.jar:na]
	at scala.concurrent.impl.Future$PromiseCompletingRunnable.run(Future.scala:24) [scala-library-2.11.1.jar:na]
	at play.core.j.HttpExecutionContext$$anon$2.run(HttpExecutionContext.scala:40) [play_2.11-2.3.8.jar:2.3.8]
	at akka.dispatch.TaskInvocation.run(AbstractDispatcher.scala:41) [akka-actor_2.11-2.3.4.jar:na]
	at akka.dispatch.ForkJoinExecutorConfigurator$AkkaForkJoinTask.exec(AbstractDispatcher.scala:393) [akka-actor_2.11-2.3.4.jar:na]
	at scala.concurrent.forkjoin.ForkJoinTask.doExec(ForkJoinTask.java:260) [scala-library-2.11.1.jar:na]
	at scala.concurrent.forkjoin.ForkJoinPool$WorkQueue.runTask(ForkJoinPool.java:1339) [scala-library-2.11.1.jar:na]
	at scala.concurrent.forkjoin.ForkJoinPool.runWorker(ForkJoinPool.java:1979) [scala-library-2.11.1.jar:na]
	at scala.concurrent.forkjoin.ForkJoinWorkerThread.run(ForkJoinWorkerThread.java:107) [scala-library-2.11.1.jar:na]

2015-03-14 13:51:51,806 - [ERROR] - from com.datastax.driver.core.TableMetadata in play-akka.actor.default-dispatcher-7 
Error parsing schema options for table system.batchlog: Cluster.getMetadata().getKeyspace("system").getTable("batchlog").getOptions() will return null
java.lang.IllegalArgumentException: populate_io_cache_on_flush is not a column defined in this metadata
	at com.datastax.driver.core.ColumnDefinitions.getAllIdx(ColumnDefinitions.java:273) ~[cassandra-driver-core-2.0.2.jar:na]
	at com.datastax.driver.core.ColumnDefinitions.getFirstIdx(ColumnDefinitions.java:279) ~[cassandra-driver-core-2.0.2.jar:na]
	at com.datastax.driver.core.ArrayBackedRow.isNull(ArrayBackedRow.java:56) ~[cassandra-driver-core-2.0.2.jar:na]
	at com.datastax.driver.core.TableMetadata$Options.<init>(TableMetadata.java:529) ~[cassandra-driver-core-2.0.2.jar:na]
	at com.datastax.driver.core.TableMetadata.build(TableMetadata.java:119) ~[cassandra-driver-core-2.0.2.jar:na]
	at com.datastax.driver.core.Metadata.buildTableMetadata(Metadata.java:150) [cassandra-driver-core-2.0.2.jar:na]
	at com.datastax.driver.core.Metadata.rebuildSchema(Metadata.java:94) [cassandra-driver-core-2.0.2.jar:na]
	at com.datastax.driver.core.ControlConnection.refreshSchema(ControlConnection.java:294) [cassandra-driver-core-2.0.2.jar:na]
	at com.datastax.driver.core.ControlConnection.tryConnect(ControlConnection.java:231) [cassandra-driver-core-2.0.2.jar:na]
	at com.datastax.driver.core.ControlConnection.reconnectInternal(ControlConnection.java:171) [cassandra-driver-core-2.0.2.jar:na]
	at com.datastax.driver.core.ControlConnection.connect(ControlConnection.java:79) [cassandra-driver-core-2.0.2.jar:na]
	at com.datastax.driver.core.Cluster$Manager.init(Cluster.java:1104) [cassandra-driver-core-2.0.2.jar:na]
	at com.datastax.driver.core.Cluster.getMetadata(Cluster.java:271) [cassandra-driver-core-2.0.2.jar:na]
	at cassandraQueryIntf.CassandraConnector.connect(CassandraConnector.java:42) [classes/:na]
	at cassandraQueryIntf.CassandraReader.getDataFromCassandra(CassandraReader.java:36) [classes/:na]
	at controllers.Application$11.apply(Application.java:332) [classes/:na]
	at controllers.Application$11.apply(Application.java:330) [classes/:na]
	at play.core.j.FPromiseHelper$$anonfun$promise$2.apply(FPromiseHelper.scala:36) [play_2.11-2.3.8.jar:2.3.8]
	at scala.concurrent.impl.Future$PromiseCompletingRunnable.liftedTree1$1(Future.scala:24) [scala-library-2.11.1.jar:na]
	at scala.concurrent.impl.Future$PromiseCompletingRunnable.run(Future.scala:24) [scala-library-2.11.1.jar:na]
	at play.core.j.HttpExecutionContext$$anon$2.run(HttpExecutionContext.scala:40) [play_2.11-2.3.8.jar:2.3.8]
	at akka.dispatch.TaskInvocation.run(AbstractDispatcher.scala:41) [akka-actor_2.11-2.3.4.jar:na]
	at akka.dispatch.ForkJoinExecutorConfigurator$AkkaForkJoinTask.exec(AbstractDispatcher.scala:393) [akka-actor_2.11-2.3.4.jar:na]
	at scala.concurrent.forkjoin.ForkJoinTask.doExec(ForkJoinTask.java:260) [scala-library-2.11.1.jar:na]
	at scala.concurrent.forkjoin.ForkJoinPool$WorkQueue.runTask(ForkJoinPool.java:1339) [scala-library-2.11.1.jar:na]
	at scala.concurrent.forkjoin.ForkJoinPool.runWorker(ForkJoinPool.java:1979) [scala-library-2.11.1.jar:na]
	at scala.concurrent.forkjoin.ForkJoinWorkerThread.run(ForkJoinWorkerThread.java:107) [scala-library-2.11.1.jar:na]

2015-03-14 13:51:51,809 - [ERROR] - from com.datastax.driver.core.TableMetadata in play-akka.actor.default-dispatcher-7 
Error parsing schema options for table system.compaction_history: Cluster.getMetadata().getKeyspace("system").getTable("compaction_history").getOptions() will return null
java.lang.IllegalArgumentException: populate_io_cache_on_flush is not a column defined in this metadata
	at com.datastax.driver.core.ColumnDefinitions.getAllIdx(ColumnDefinitions.java:273) ~[cassandra-driver-core-2.0.2.jar:na]
	at com.datastax.driver.core.ColumnDefinitions.getFirstIdx(ColumnDefinitions.java:279) ~[cassandra-driver-core-2.0.2.jar:na]
	at com.datastax.driver.core.ArrayBackedRow.isNull(ArrayBackedRow.java:56) ~[cassandra-driver-core-2.0.2.jar:na]
	at com.datastax.driver.core.TableMetadata$Options.<init>(TableMetadata.java:529) ~[cassandra-driver-core-2.0.2.jar:na]
	at com.datastax.driver.core.TableMetadata.build(TableMetadata.java:119) ~[cassandra-driver-core-2.0.2.jar:na]
	at com.datastax.driver.core.Metadata.buildTableMetadata(Metadata.java:150) [cassandra-driver-core-2.0.2.jar:na]
	at com.datastax.driver.core.Metadata.rebuildSchema(Metadata.java:94) [cassandra-driver-core-2.0.2.jar:na]
	at com.datastax.driver.core.ControlConnection.refreshSchema(ControlConnection.java:294) [cassandra-driver-core-2.0.2.jar:na]
	at com.datastax.driver.core.ControlConnection.tryConnect(ControlConnection.java:231) [cassandra-driver-core-2.0.2.jar:na]
	at com.datastax.driver.core.ControlConnection.reconnectInternal(ControlConnection.java:171) [cassandra-driver-core-2.0.2.jar:na]
	at com.datastax.driver.core.ControlConnection.connect(ControlConnection.java:79) [cassandra-driver-core-2.0.2.jar:na]
	at com.datastax.driver.core.Cluster$Manager.init(Cluster.java:1104) [cassandra-driver-core-2.0.2.jar:na]
	at com.datastax.driver.core.Cluster.getMetadata(Cluster.java:271) [cassandra-driver-core-2.0.2.jar:na]
	at cassandraQueryIntf.CassandraConnector.connect(CassandraConnector.java:42) [classes/:na]
	at cassandraQueryIntf.CassandraReader.getDataFromCassandra(CassandraReader.java:36) [classes/:na]
	at controllers.Application$11.apply(Application.java:332) [classes/:na]
	at controllers.Application$11.apply(Application.java:330) [classes/:na]
	at play.core.j.FPromiseHelper$$anonfun$promise$2.apply(FPromiseHelper.scala:36) [play_2.11-2.3.8.jar:2.3.8]
	at scala.concurrent.impl.Future$PromiseCompletingRunnable.liftedTree1$1(Future.scala:24) [scala-library-2.11.1.jar:na]
	at scala.concurrent.impl.Future$PromiseCompletingRunnable.run(Future.scala:24) [scala-library-2.11.1.jar:na]
	at play.core.j.HttpExecutionContext$$anon$2.run(HttpExecutionContext.scala:40) [play_2.11-2.3.8.jar:2.3.8]
	at akka.dispatch.TaskInvocation.run(AbstractDispatcher.scala:41) [akka-actor_2.11-2.3.4.jar:na]
	at akka.dispatch.ForkJoinExecutorConfigurator$AkkaForkJoinTask.exec(AbstractDispatcher.scala:393) [akka-actor_2.11-2.3.4.jar:na]
	at scala.concurrent.forkjoin.ForkJoinTask.doExec(ForkJoinTask.java:260) [scala-library-2.11.1.jar:na]
	at scala.concurrent.forkjoin.ForkJoinPool$WorkQueue.runTask(ForkJoinPool.java:1339) [scala-library-2.11.1.jar:na]
	at scala.concurrent.forkjoin.ForkJoinPool.runWorker(ForkJoinPool.java:1979) [scala-library-2.11.1.jar:na]
	at scala.concurrent.forkjoin.ForkJoinWorkerThread.run(ForkJoinWorkerThread.java:107) [scala-library-2.11.1.jar:na]

2015-03-14 13:51:51,812 - [ERROR] - from com.datastax.driver.core.TableMetadata in play-akka.actor.default-dispatcher-7 
Error parsing schema options for table system.compactions_in_progress: Cluster.getMetadata().getKeyspace("system").getTable("compactions_in_progress").getOptions() will return null
java.lang.IllegalArgumentException: populate_io_cache_on_flush is not a column defined in this metadata
	at com.datastax.driver.core.ColumnDefinitions.getAllIdx(ColumnDefinitions.java:273) ~[cassandra-driver-core-2.0.2.jar:na]
	at com.datastax.driver.core.ColumnDefinitions.getFirstIdx(ColumnDefinitions.java:279) ~[cassandra-driver-core-2.0.2.jar:na]
	at com.datastax.driver.core.ArrayBackedRow.isNull(ArrayBackedRow.java:56) ~[cassandra-driver-core-2.0.2.jar:na]
	at com.datastax.driver.core.TableMetadata$Options.<init>(TableMetadata.java:529) ~[cassandra-driver-core-2.0.2.jar:na]
	at com.datastax.driver.core.TableMetadata.build(TableMetadata.java:119) ~[cassandra-driver-core-2.0.2.jar:na]
	at com.datastax.driver.core.Metadata.buildTableMetadata(Metadata.java:150) [cassandra-driver-core-2.0.2.jar:na]
	at com.datastax.driver.core.Metadata.rebuildSchema(Metadata.java:94) [cassandra-driver-core-2.0.2.jar:na]
	at com.datastax.driver.core.ControlConnection.refreshSchema(ControlConnection.java:294) [cassandra-driver-core-2.0.2.jar:na]
	at com.datastax.driver.core.ControlConnection.tryConnect(ControlConnection.java:231) [cassandra-driver-core-2.0.2.jar:na]
	at com.datastax.driver.core.ControlConnection.reconnectInternal(ControlConnection.java:171) [cassandra-driver-core-2.0.2.jar:na]
	at com.datastax.driver.core.ControlConnection.connect(ControlConnection.java:79) [cassandra-driver-core-2.0.2.jar:na]
	at com.datastax.driver.core.Cluster$Manager.init(Cluster.java:1104) [cassandra-driver-core-2.0.2.jar:na]
	at com.datastax.driver.core.Cluster.getMetadata(Cluster.java:271) [cassandra-driver-core-2.0.2.jar:na]
	at cassandraQueryIntf.CassandraConnector.connect(CassandraConnector.java:42) [classes/:na]
	at cassandraQueryIntf.CassandraReader.getDataFromCassandra(CassandraReader.java:36) [classes/:na]
	at controllers.Application$11.apply(Application.java:332) [classes/:na]
	at controllers.Application$11.apply(Application.java:330) [classes/:na]
	at play.core.j.FPromiseHelper$$anonfun$promise$2.apply(FPromiseHelper.scala:36) [play_2.11-2.3.8.jar:2.3.8]
	at scala.concurrent.impl.Future$PromiseCompletingRunnable.liftedTree1$1(Future.scala:24) [scala-library-2.11.1.jar:na]
	at scala.concurrent.impl.Future$PromiseCompletingRunnable.run(Future.scala:24) [scala-library-2.11.1.jar:na]
	at play.core.j.HttpExecutionContext$$anon$2.run(HttpExecutionContext.scala:40) [play_2.11-2.3.8.jar:2.3.8]
	at akka.dispatch.TaskInvocation.run(AbstractDispatcher.scala:41) [akka-actor_2.11-2.3.4.jar:na]
	at akka.dispatch.ForkJoinExecutorConfigurator$AkkaForkJoinTask.exec(AbstractDispatcher.scala:393) [akka-actor_2.11-2.3.4.jar:na]
	at scala.concurrent.forkjoin.ForkJoinTask.doExec(ForkJoinTask.java:260) [scala-library-2.11.1.jar:na]
	at scala.concurrent.forkjoin.ForkJoinPool$WorkQueue.runTask(ForkJoinPool.java:1339) [scala-library-2.11.1.jar:na]
	at scala.concurrent.forkjoin.ForkJoinPool.runWorker(ForkJoinPool.java:1979) [scala-library-2.11.1.jar:na]
	at scala.concurrent.forkjoin.ForkJoinWorkerThread.run(ForkJoinWorkerThread.java:107) [scala-library-2.11.1.jar:na]

2015-03-14 13:51:51,814 - [ERROR] - from com.datastax.driver.core.TableMetadata in play-akka.actor.default-dispatcher-7 
Error parsing schema options for table system.hints: Cluster.getMetadata().getKeyspace("system").getTable("hints").getOptions() will return null
java.lang.IllegalArgumentException: populate_io_cache_on_flush is not a column defined in this metadata
	at com.datastax.driver.core.ColumnDefinitions.getAllIdx(ColumnDefinitions.java:273) ~[cassandra-driver-core-2.0.2.jar:na]
	at com.datastax.driver.core.ColumnDefinitions.getFirstIdx(ColumnDefinitions.java:279) ~[cassandra-driver-core-2.0.2.jar:na]
	at com.datastax.driver.core.ArrayBackedRow.isNull(ArrayBackedRow.java:56) ~[cassandra-driver-core-2.0.2.jar:na]
	at com.datastax.driver.core.TableMetadata$Options.<init>(TableMetadata.java:529) ~[cassandra-driver-core-2.0.2.jar:na]
	at com.datastax.driver.core.TableMetadata.build(TableMetadata.java:119) ~[cassandra-driver-core-2.0.2.jar:na]
	at com.datastax.driver.core.Metadata.buildTableMetadata(Metadata.java:150) [cassandra-driver-core-2.0.2.jar:na]
	at com.datastax.driver.core.Metadata.rebuildSchema(Metadata.java:94) [cassandra-driver-core-2.0.2.jar:na]
	at com.datastax.driver.core.ControlConnection.refreshSchema(ControlConnection.java:294) [cassandra-driver-core-2.0.2.jar:na]
	at com.datastax.driver.core.ControlConnection.tryConnect(ControlConnection.java:231) [cassandra-driver-core-2.0.2.jar:na]
	at com.datastax.driver.core.ControlConnection.reconnectInternal(ControlConnection.java:171) [cassandra-driver-core-2.0.2.jar:na]
	at com.datastax.driver.core.ControlConnection.connect(ControlConnection.java:79) [cassandra-driver-core-2.0.2.jar:na]
	at com.datastax.driver.core.Cluster$Manager.init(Cluster.java:1104) [cassandra-driver-core-2.0.2.jar:na]
	at com.datastax.driver.core.Cluster.getMetadata(Cluster.java:271) [cassandra-driver-core-2.0.2.jar:na]
	at cassandraQueryIntf.CassandraConnector.connect(CassandraConnector.java:42) [classes/:na]
	at cassandraQueryIntf.CassandraReader.getDataFromCassandra(CassandraReader.java:36) [classes/:na]
	at controllers.Application$11.apply(Application.java:332) [classes/:na]
	at controllers.Application$11.apply(Application.java:330) [classes/:na]
	at play.core.j.FPromiseHelper$$anonfun$promise$2.apply(FPromiseHelper.scala:36) [play_2.11-2.3.8.jar:2.3.8]
	at scala.concurrent.impl.Future$PromiseCompletingRunnable.liftedTree1$1(Future.scala:24) [scala-library-2.11.1.jar:na]
	at scala.concurrent.impl.Future$PromiseCompletingRunnable.run(Future.scala:24) [scala-library-2.11.1.jar:na]
	at play.core.j.HttpExecutionContext$$anon$2.run(HttpExecutionContext.scala:40) [play_2.11-2.3.8.jar:2.3.8]
	at akka.dispatch.TaskInvocation.run(AbstractDispatcher.scala:41) [akka-actor_2.11-2.3.4.jar:na]
	at akka.dispatch.ForkJoinExecutorConfigurator$AkkaForkJoinTask.exec(AbstractDispatcher.scala:393) [akka-actor_2.11-2.3.4.jar:na]
	at scala.concurrent.forkjoin.ForkJoinTask.doExec(ForkJoinTask.java:260) [scala-library-2.11.1.jar:na]
	at scala.concurrent.forkjoin.ForkJoinPool$WorkQueue.runTask(ForkJoinPool.java:1339) [scala-library-2.11.1.jar:na]
	at scala.concurrent.forkjoin.ForkJoinPool.runWorker(ForkJoinPool.java:1979) [scala-library-2.11.1.jar:na]
	at scala.concurrent.forkjoin.ForkJoinWorkerThread.run(ForkJoinWorkerThread.java:107) [scala-library-2.11.1.jar:na]

2015-03-14 13:51:51,816 - [ERROR] - from com.datastax.driver.core.TableMetadata in play-akka.actor.default-dispatcher-7 
Error parsing schema options for table system.local: Cluster.getMetadata().getKeyspace("system").getTable("local").getOptions() will return null
java.lang.IllegalArgumentException: populate_io_cache_on_flush is not a column defined in this metadata
	at com.datastax.driver.core.ColumnDefinitions.getAllIdx(ColumnDefinitions.java:273) ~[cassandra-driver-core-2.0.2.jar:na]
	at com.datastax.driver.core.ColumnDefinitions.getFirstIdx(ColumnDefinitions.java:279) ~[cassandra-driver-core-2.0.2.jar:na]
	at com.datastax.driver.core.ArrayBackedRow.isNull(ArrayBackedRow.java:56) ~[cassandra-driver-core-2.0.2.jar:na]
	at com.datastax.driver.core.TableMetadata$Options.<init>(TableMetadata.java:529) ~[cassandra-driver-core-2.0.2.jar:na]
	at com.datastax.driver.core.TableMetadata.build(TableMetadata.java:119) ~[cassandra-driver-core-2.0.2.jar:na]
	at com.datastax.driver.core.Metadata.buildTableMetadata(Metadata.java:150) [cassandra-driver-core-2.0.2.jar:na]
	at com.datastax.driver.core.Metadata.rebuildSchema(Metadata.java:94) [cassandra-driver-core-2.0.2.jar:na]
	at com.datastax.driver.core.ControlConnection.refreshSchema(ControlConnection.java:294) [cassandra-driver-core-2.0.2.jar:na]
	at com.datastax.driver.core.ControlConnection.tryConnect(ControlConnection.java:231) [cassandra-driver-core-2.0.2.jar:na]
	at com.datastax.driver.core.ControlConnection.reconnectInternal(ControlConnection.java:171) [cassandra-driver-core-2.0.2.jar:na]
	at com.datastax.driver.core.ControlConnection.connect(ControlConnection.java:79) [cassandra-driver-core-2.0.2.jar:na]
	at com.datastax.driver.core.Cluster$Manager.init(Cluster.java:1104) [cassandra-driver-core-2.0.2.jar:na]
	at com.datastax.driver.core.Cluster.getMetadata(Cluster.java:271) [cassandra-driver-core-2.0.2.jar:na]
	at cassandraQueryIntf.CassandraConnector.connect(CassandraConnector.java:42) [classes/:na]
	at cassandraQueryIntf.CassandraReader.getDataFromCassandra(CassandraReader.java:36) [classes/:na]
	at controllers.Application$11.apply(Application.java:332) [classes/:na]
	at controllers.Application$11.apply(Application.java:330) [classes/:na]
	at play.core.j.FPromiseHelper$$anonfun$promise$2.apply(FPromiseHelper.scala:36) [play_2.11-2.3.8.jar:2.3.8]
	at scala.concurrent.impl.Future$PromiseCompletingRunnable.liftedTree1$1(Future.scala:24) [scala-library-2.11.1.jar:na]
	at scala.concurrent.impl.Future$PromiseCompletingRunnable.run(Future.scala:24) [scala-library-2.11.1.jar:na]
	at play.core.j.HttpExecutionContext$$anon$2.run(HttpExecutionContext.scala:40) [play_2.11-2.3.8.jar:2.3.8]
	at akka.dispatch.TaskInvocation.run(AbstractDispatcher.scala:41) [akka-actor_2.11-2.3.4.jar:na]
	at akka.dispatch.ForkJoinExecutorConfigurator$AkkaForkJoinTask.exec(AbstractDispatcher.scala:393) [akka-actor_2.11-2.3.4.jar:na]
	at scala.concurrent.forkjoin.ForkJoinTask.doExec(ForkJoinTask.java:260) [scala-library-2.11.1.jar:na]
	at scala.concurrent.forkjoin.ForkJoinPool$WorkQueue.runTask(ForkJoinPool.java:1339) [scala-library-2.11.1.jar:na]
	at scala.concurrent.forkjoin.ForkJoinPool.runWorker(ForkJoinPool.java:1979) [scala-library-2.11.1.jar:na]
	at scala.concurrent.forkjoin.ForkJoinWorkerThread.run(ForkJoinWorkerThread.java:107) [scala-library-2.11.1.jar:na]

2015-03-14 13:51:51,817 - [ERROR] - from com.datastax.driver.core.TableMetadata in play-akka.actor.default-dispatcher-7 
Error parsing schema options for table system.paxos: Cluster.getMetadata().getKeyspace("system").getTable("paxos").getOptions() will return null
java.lang.IllegalArgumentException: populate_io_cache_on_flush is not a column defined in this metadata
	at com.datastax.driver.core.ColumnDefinitions.getAllIdx(ColumnDefinitions.java:273) ~[cassandra-driver-core-2.0.2.jar:na]
	at com.datastax.driver.core.ColumnDefinitions.getFirstIdx(ColumnDefinitions.java:279) ~[cassandra-driver-core-2.0.2.jar:na]
	at com.datastax.driver.core.ArrayBackedRow.isNull(ArrayBackedRow.java:56) ~[cassandra-driver-core-2.0.2.jar:na]
	at com.datastax.driver.core.TableMetadata$Options.<init>(TableMetadata.java:529) ~[cassandra-driver-core-2.0.2.jar:na]
	at com.datastax.driver.core.TableMetadata.build(TableMetadata.java:119) ~[cassandra-driver-core-2.0.2.jar:na]
	at com.datastax.driver.core.Metadata.buildTableMetadata(Metadata.java:150) [cassandra-driver-core-2.0.2.jar:na]
	at com.datastax.driver.core.Metadata.rebuildSchema(Metadata.java:94) [cassandra-driver-core-2.0.2.jar:na]
	at com.datastax.driver.core.ControlConnection.refreshSchema(ControlConnection.java:294) [cassandra-driver-core-2.0.2.jar:na]
	at com.datastax.driver.core.ControlConnection.tryConnect(ControlConnection.java:231) [cassandra-driver-core-2.0.2.jar:na]
	at com.datastax.driver.core.ControlConnection.reconnectInternal(ControlConnection.java:171) [cassandra-driver-core-2.0.2.jar:na]
	at com.datastax.driver.core.ControlConnection.connect(ControlConnection.java:79) [cassandra-driver-core-2.0.2.jar:na]
	at com.datastax.driver.core.Cluster$Manager.init(Cluster.java:1104) [cassandra-driver-core-2.0.2.jar:na]
	at com.datastax.driver.core.Cluster.getMetadata(Cluster.java:271) [cassandra-driver-core-2.0.2.jar:na]
	at cassandraQueryIntf.CassandraConnector.connect(CassandraConnector.java:42) [classes/:na]
	at cassandraQueryIntf.CassandraReader.getDataFromCassandra(CassandraReader.java:36) [classes/:na]
	at controllers.Application$11.apply(Application.java:332) [classes/:na]
	at controllers.Application$11.apply(Application.java:330) [classes/:na]
	at play.core.j.FPromiseHelper$$anonfun$promise$2.apply(FPromiseHelper.scala:36) [play_2.11-2.3.8.jar:2.3.8]
	at scala.concurrent.impl.Future$PromiseCompletingRunnable.liftedTree1$1(Future.scala:24) [scala-library-2.11.1.jar:na]
	at scala.concurrent.impl.Future$PromiseCompletingRunnable.run(Future.scala:24) [scala-library-2.11.1.jar:na]
	at play.core.j.HttpExecutionContext$$anon$2.run(HttpExecutionContext.scala:40) [play_2.11-2.3.8.jar:2.3.8]
	at akka.dispatch.TaskInvocation.run(AbstractDispatcher.scala:41) [akka-actor_2.11-2.3.4.jar:na]
	at akka.dispatch.ForkJoinExecutorConfigurator$AkkaForkJoinTask.exec(AbstractDispatcher.scala:393) [akka-actor_2.11-2.3.4.jar:na]
	at scala.concurrent.forkjoin.ForkJoinTask.doExec(ForkJoinTask.java:260) [scala-library-2.11.1.jar:na]
	at scala.concurrent.forkjoin.ForkJoinPool$WorkQueue.runTask(ForkJoinPool.java:1339) [scala-library-2.11.1.jar:na]
	at scala.concurrent.forkjoin.ForkJoinPool.runWorker(ForkJoinPool.java:1979) [scala-library-2.11.1.jar:na]
	at scala.concurrent.forkjoin.ForkJoinWorkerThread.run(ForkJoinWorkerThread.java:107) [scala-library-2.11.1.jar:na]

2015-03-14 13:51:51,819 - [ERROR] - from com.datastax.driver.core.TableMetadata in play-akka.actor.default-dispatcher-7 
Error parsing schema options for table system.peer_events: Cluster.getMetadata().getKeyspace("system").getTable("peer_events").getOptions() will return null
java.lang.IllegalArgumentException: populate_io_cache_on_flush is not a column defined in this metadata
	at com.datastax.driver.core.ColumnDefinitions.getAllIdx(ColumnDefinitions.java:273) ~[cassandra-driver-core-2.0.2.jar:na]
	at com.datastax.driver.core.ColumnDefinitions.getFirstIdx(ColumnDefinitions.java:279) ~[cassandra-driver-core-2.0.2.jar:na]
	at com.datastax.driver.core.ArrayBackedRow.isNull(ArrayBackedRow.java:56) ~[cassandra-driver-core-2.0.2.jar:na]
	at com.datastax.driver.core.TableMetadata$Options.<init>(TableMetadata.java:529) ~[cassandra-driver-core-2.0.2.jar:na]
	at com.datastax.driver.core.TableMetadata.build(TableMetadata.java:119) ~[cassandra-driver-core-2.0.2.jar:na]
	at com.datastax.driver.core.Metadata.buildTableMetadata(Metadata.java:150) [cassandra-driver-core-2.0.2.jar:na]
	at com.datastax.driver.core.Metadata.rebuildSchema(Metadata.java:94) [cassandra-driver-core-2.0.2.jar:na]
	at com.datastax.driver.core.ControlConnection.refreshSchema(ControlConnection.java:294) [cassandra-driver-core-2.0.2.jar:na]
	at com.datastax.driver.core.ControlConnection.tryConnect(ControlConnection.java:231) [cassandra-driver-core-2.0.2.jar:na]
	at com.datastax.driver.core.ControlConnection.reconnectInternal(ControlConnection.java:171) [cassandra-driver-core-2.0.2.jar:na]
	at com.datastax.driver.core.ControlConnection.connect(ControlConnection.java:79) [cassandra-driver-core-2.0.2.jar:na]
	at com.datastax.driver.core.Cluster$Manager.init(Cluster.java:1104) [cassandra-driver-core-2.0.2.jar:na]
	at com.datastax.driver.core.Cluster.getMetadata(Cluster.java:271) [cassandra-driver-core-2.0.2.jar:na]
	at cassandraQueryIntf.CassandraConnector.connect(CassandraConnector.java:42) [classes/:na]
	at cassandraQueryIntf.CassandraReader.getDataFromCassandra(CassandraReader.java:36) [classes/:na]
	at controllers.Application$11.apply(Application.java:332) [classes/:na]
	at controllers.Application$11.apply(Application.java:330) [classes/:na]
	at play.core.j.FPromiseHelper$$anonfun$promise$2.apply(FPromiseHelper.scala:36) [play_2.11-2.3.8.jar:2.3.8]
	at scala.concurrent.impl.Future$PromiseCompletingRunnable.liftedTree1$1(Future.scala:24) [scala-library-2.11.1.jar:na]
	at scala.concurrent.impl.Future$PromiseCompletingRunnable.run(Future.scala:24) [scala-library-2.11.1.jar:na]
	at play.core.j.HttpExecutionContext$$anon$2.run(HttpExecutionContext.scala:40) [play_2.11-2.3.8.jar:2.3.8]
	at akka.dispatch.TaskInvocation.run(AbstractDispatcher.scala:41) [akka-actor_2.11-2.3.4.jar:na]
	at akka.dispatch.ForkJoinExecutorConfigurator$AkkaForkJoinTask.exec(AbstractDispatcher.scala:393) [akka-actor_2.11-2.3.4.jar:na]
	at scala.concurrent.forkjoin.ForkJoinTask.doExec(ForkJoinTask.java:260) [scala-library-2.11.1.jar:na]
	at scala.concurrent.forkjoin.ForkJoinPool$WorkQueue.runTask(ForkJoinPool.java:1339) [scala-library-2.11.1.jar:na]
	at scala.concurrent.forkjoin.ForkJoinPool.runWorker(ForkJoinPool.java:1979) [scala-library-2.11.1.jar:na]
	at scala.concurrent.forkjoin.ForkJoinWorkerThread.run(ForkJoinWorkerThread.java:107) [scala-library-2.11.1.jar:na]

2015-03-14 13:51:51,821 - [ERROR] - from com.datastax.driver.core.TableMetadata in play-akka.actor.default-dispatcher-7 
Error parsing schema options for table system.peers: Cluster.getMetadata().getKeyspace("system").getTable("peers").getOptions() will return null
java.lang.IllegalArgumentException: populate_io_cache_on_flush is not a column defined in this metadata
	at com.datastax.driver.core.ColumnDefinitions.getAllIdx(ColumnDefinitions.java:273) ~[cassandra-driver-core-2.0.2.jar:na]
	at com.datastax.driver.core.ColumnDefinitions.getFirstIdx(ColumnDefinitions.java:279) ~[cassandra-driver-core-2.0.2.jar:na]
	at com.datastax.driver.core.ArrayBackedRow.isNull(ArrayBackedRow.java:56) ~[cassandra-driver-core-2.0.2.jar:na]
	at com.datastax.driver.core.TableMetadata$Options.<init>(TableMetadata.java:529) ~[cassandra-driver-core-2.0.2.jar:na]
	at com.datastax.driver.core.TableMetadata.build(TableMetadata.java:119) ~[cassandra-driver-core-2.0.2.jar:na]
	at com.datastax.driver.core.Metadata.buildTableMetadata(Metadata.java:150) [cassandra-driver-core-2.0.2.jar:na]
	at com.datastax.driver.core.Metadata.rebuildSchema(Metadata.java:94) [cassandra-driver-core-2.0.2.jar:na]
	at com.datastax.driver.core.ControlConnection.refreshSchema(ControlConnection.java:294) [cassandra-driver-core-2.0.2.jar:na]
	at com.datastax.driver.core.ControlConnection.tryConnect(ControlConnection.java:231) [cassandra-driver-core-2.0.2.jar:na]
	at com.datastax.driver.core.ControlConnection.reconnectInternal(ControlConnection.java:171) [cassandra-driver-core-2.0.2.jar:na]
	at com.datastax.driver.core.ControlConnection.connect(ControlConnection.java:79) [cassandra-driver-core-2.0.2.jar:na]
	at com.datastax.driver.core.Cluster$Manager.init(Cluster.java:1104) [cassandra-driver-core-2.0.2.jar:na]
	at com.datastax.driver.core.Cluster.getMetadata(Cluster.java:271) [cassandra-driver-core-2.0.2.jar:na]
	at cassandraQueryIntf.CassandraConnector.connect(CassandraConnector.java:42) [classes/:na]
	at cassandraQueryIntf.CassandraReader.getDataFromCassandra(CassandraReader.java:36) [classes/:na]
	at controllers.Application$11.apply(Application.java:332) [classes/:na]
	at controllers.Application$11.apply(Application.java:330) [classes/:na]
	at play.core.j.FPromiseHelper$$anonfun$promise$2.apply(FPromiseHelper.scala:36) [play_2.11-2.3.8.jar:2.3.8]
	at scala.concurrent.impl.Future$PromiseCompletingRunnable.liftedTree1$1(Future.scala:24) [scala-library-2.11.1.jar:na]
	at scala.concurrent.impl.Future$PromiseCompletingRunnable.run(Future.scala:24) [scala-library-2.11.1.jar:na]
	at play.core.j.HttpExecutionContext$$anon$2.run(HttpExecutionContext.scala:40) [play_2.11-2.3.8.jar:2.3.8]
	at akka.dispatch.TaskInvocation.run(AbstractDispatcher.scala:41) [akka-actor_2.11-2.3.4.jar:na]
	at akka.dispatch.ForkJoinExecutorConfigurator$AkkaForkJoinTask.exec(AbstractDispatcher.scala:393) [akka-actor_2.11-2.3.4.jar:na]
	at scala.concurrent.forkjoin.ForkJoinTask.doExec(ForkJoinTask.java:260) [scala-library-2.11.1.jar:na]
	at scala.concurrent.forkjoin.ForkJoinPool$WorkQueue.runTask(ForkJoinPool.java:1339) [scala-library-2.11.1.jar:na]
	at scala.concurrent.forkjoin.ForkJoinPool.runWorker(ForkJoinPool.java:1979) [scala-library-2.11.1.jar:na]
	at scala.concurrent.forkjoin.ForkJoinWorkerThread.run(ForkJoinWorkerThread.java:107) [scala-library-2.11.1.jar:na]

2015-03-14 13:51:51,823 - [ERROR] - from com.datastax.driver.core.TableMetadata in play-akka.actor.default-dispatcher-7 
Error parsing schema options for table system.range_xfers: Cluster.getMetadata().getKeyspace("system").getTable("range_xfers").getOptions() will return null
java.lang.IllegalArgumentException: populate_io_cache_on_flush is not a column defined in this metadata
	at com.datastax.driver.core.ColumnDefinitions.getAllIdx(ColumnDefinitions.java:273) ~[cassandra-driver-core-2.0.2.jar:na]
	at com.datastax.driver.core.ColumnDefinitions.getFirstIdx(ColumnDefinitions.java:279) ~[cassandra-driver-core-2.0.2.jar:na]
	at com.datastax.driver.core.ArrayBackedRow.isNull(ArrayBackedRow.java:56) ~[cassandra-driver-core-2.0.2.jar:na]
	at com.datastax.driver.core.TableMetadata$Options.<init>(TableMetadata.java:529) ~[cassandra-driver-core-2.0.2.jar:na]
	at com.datastax.driver.core.TableMetadata.build(TableMetadata.java:119) ~[cassandra-driver-core-2.0.2.jar:na]
	at com.datastax.driver.core.Metadata.buildTableMetadata(Metadata.java:150) [cassandra-driver-core-2.0.2.jar:na]
	at com.datastax.driver.core.Metadata.rebuildSchema(Metadata.java:94) [cassandra-driver-core-2.0.2.jar:na]
	at com.datastax.driver.core.ControlConnection.refreshSchema(ControlConnection.java:294) [cassandra-driver-core-2.0.2.jar:na]
	at com.datastax.driver.core.ControlConnection.tryConnect(ControlConnection.java:231) [cassandra-driver-core-2.0.2.jar:na]
	at com.datastax.driver.core.ControlConnection.reconnectInternal(ControlConnection.java:171) [cassandra-driver-core-2.0.2.jar:na]
	at com.datastax.driver.core.ControlConnection.connect(ControlConnection.java:79) [cassandra-driver-core-2.0.2.jar:na]
	at com.datastax.driver.core.Cluster$Manager.init(Cluster.java:1104) [cassandra-driver-core-2.0.2.jar:na]
	at com.datastax.driver.core.Cluster.getMetadata(Cluster.java:271) [cassandra-driver-core-2.0.2.jar:na]
	at cassandraQueryIntf.CassandraConnector.connect(CassandraConnector.java:42) [classes/:na]
	at cassandraQueryIntf.CassandraReader.getDataFromCassandra(CassandraReader.java:36) [classes/:na]
	at controllers.Application$11.apply(Application.java:332) [classes/:na]
	at controllers.Application$11.apply(Application.java:330) [classes/:na]
	at play.core.j.FPromiseHelper$$anonfun$promise$2.apply(FPromiseHelper.scala:36) [play_2.11-2.3.8.jar:2.3.8]
	at scala.concurrent.impl.Future$PromiseCompletingRunnable.liftedTree1$1(Future.scala:24) [scala-library-2.11.1.jar:na]
	at scala.concurrent.impl.Future$PromiseCompletingRunnable.run(Future.scala:24) [scala-library-2.11.1.jar:na]
	at play.core.j.HttpExecutionContext$$anon$2.run(HttpExecutionContext.scala:40) [play_2.11-2.3.8.jar:2.3.8]
	at akka.dispatch.TaskInvocation.run(AbstractDispatcher.scala:41) [akka-actor_2.11-2.3.4.jar:na]
	at akka.dispatch.ForkJoinExecutorConfigurator$AkkaForkJoinTask.exec(AbstractDispatcher.scala:393) [akka-actor_2.11-2.3.4.jar:na]
	at scala.concurrent.forkjoin.ForkJoinTask.doExec(ForkJoinTask.java:260) [scala-library-2.11.1.jar:na]
	at scala.concurrent.forkjoin.ForkJoinPool$WorkQueue.runTask(ForkJoinPool.java:1339) [scala-library-2.11.1.jar:na]
	at scala.concurrent.forkjoin.ForkJoinPool.runWorker(ForkJoinPool.java:1979) [scala-library-2.11.1.jar:na]
	at scala.concurrent.forkjoin.ForkJoinWorkerThread.run(ForkJoinWorkerThread.java:107) [scala-library-2.11.1.jar:na]

2015-03-14 13:51:51,825 - [ERROR] - from com.datastax.driver.core.TableMetadata in play-akka.actor.default-dispatcher-7 
Error parsing schema options for table system.schema_columnfamilies: Cluster.getMetadata().getKeyspace("system").getTable("schema_columnfamilies").getOptions() will return null
java.lang.IllegalArgumentException: populate_io_cache_on_flush is not a column defined in this metadata
	at com.datastax.driver.core.ColumnDefinitions.getAllIdx(ColumnDefinitions.java:273) ~[cassandra-driver-core-2.0.2.jar:na]
	at com.datastax.driver.core.ColumnDefinitions.getFirstIdx(ColumnDefinitions.java:279) ~[cassandra-driver-core-2.0.2.jar:na]
	at com.datastax.driver.core.ArrayBackedRow.isNull(ArrayBackedRow.java:56) ~[cassandra-driver-core-2.0.2.jar:na]
	at com.datastax.driver.core.TableMetadata$Options.<init>(TableMetadata.java:529) ~[cassandra-driver-core-2.0.2.jar:na]
	at com.datastax.driver.core.TableMetadata.build(TableMetadata.java:119) ~[cassandra-driver-core-2.0.2.jar:na]
	at com.datastax.driver.core.Metadata.buildTableMetadata(Metadata.java:150) [cassandra-driver-core-2.0.2.jar:na]
	at com.datastax.driver.core.Metadata.rebuildSchema(Metadata.java:94) [cassandra-driver-core-2.0.2.jar:na]
	at com.datastax.driver.core.ControlConnection.refreshSchema(ControlConnection.java:294) [cassandra-driver-core-2.0.2.jar:na]
	at com.datastax.driver.core.ControlConnection.tryConnect(ControlConnection.java:231) [cassandra-driver-core-2.0.2.jar:na]
	at com.datastax.driver.core.ControlConnection.reconnectInternal(ControlConnection.java:171) [cassandra-driver-core-2.0.2.jar:na]
	at com.datastax.driver.core.ControlConnection.connect(ControlConnection.java:79) [cassandra-driver-core-2.0.2.jar:na]
	at com.datastax.driver.core.Cluster$Manager.init(Cluster.java:1104) [cassandra-driver-core-2.0.2.jar:na]
	at com.datastax.driver.core.Cluster.getMetadata(Cluster.java:271) [cassandra-driver-core-2.0.2.jar:na]
	at cassandraQueryIntf.CassandraConnector.connect(CassandraConnector.java:42) [classes/:na]
	at cassandraQueryIntf.CassandraReader.getDataFromCassandra(CassandraReader.java:36) [classes/:na]
	at controllers.Application$11.apply(Application.java:332) [classes/:na]
	at controllers.Application$11.apply(Application.java:330) [classes/:na]
	at play.core.j.FPromiseHelper$$anonfun$promise$2.apply(FPromiseHelper.scala:36) [play_2.11-2.3.8.jar:2.3.8]
	at scala.concurrent.impl.Future$PromiseCompletingRunnable.liftedTree1$1(Future.scala:24) [scala-library-2.11.1.jar:na]
	at scala.concurrent.impl.Future$PromiseCompletingRunnable.run(Future.scala:24) [scala-library-2.11.1.jar:na]
	at play.core.j.HttpExecutionContext$$anon$2.run(HttpExecutionContext.scala:40) [play_2.11-2.3.8.jar:2.3.8]
	at akka.dispatch.TaskInvocation.run(AbstractDispatcher.scala:41) [akka-actor_2.11-2.3.4.jar:na]
	at akka.dispatch.ForkJoinExecutorConfigurator$AkkaForkJoinTask.exec(AbstractDispatcher.scala:393) [akka-actor_2.11-2.3.4.jar:na]
	at scala.concurrent.forkjoin.ForkJoinTask.doExec(ForkJoinTask.java:260) [scala-library-2.11.1.jar:na]
	at scala.concurrent.forkjoin.ForkJoinPool$WorkQueue.runTask(ForkJoinPool.java:1339) [scala-library-2.11.1.jar:na]
	at scala.concurrent.forkjoin.ForkJoinPool.runWorker(ForkJoinPool.java:1979) [scala-library-2.11.1.jar:na]
	at scala.concurrent.forkjoin.ForkJoinWorkerThread.run(ForkJoinWorkerThread.java:107) [scala-library-2.11.1.jar:na]

2015-03-14 13:51:51,827 - [ERROR] - from com.datastax.driver.core.TableMetadata in play-akka.actor.default-dispatcher-7 
Error parsing schema options for table system.schema_columns: Cluster.getMetadata().getKeyspace("system").getTable("schema_columns").getOptions() will return null
java.lang.IllegalArgumentException: populate_io_cache_on_flush is not a column defined in this metadata
	at com.datastax.driver.core.ColumnDefinitions.getAllIdx(ColumnDefinitions.java:273) ~[cassandra-driver-core-2.0.2.jar:na]
	at com.datastax.driver.core.ColumnDefinitions.getFirstIdx(ColumnDefinitions.java:279) ~[cassandra-driver-core-2.0.2.jar:na]
	at com.datastax.driver.core.ArrayBackedRow.isNull(ArrayBackedRow.java:56) ~[cassandra-driver-core-2.0.2.jar:na]
	at com.datastax.driver.core.TableMetadata$Options.<init>(TableMetadata.java:529) ~[cassandra-driver-core-2.0.2.jar:na]
	at com.datastax.driver.core.TableMetadata.build(TableMetadata.java:119) ~[cassandra-driver-core-2.0.2.jar:na]
	at com.datastax.driver.core.Metadata.buildTableMetadata(Metadata.java:150) [cassandra-driver-core-2.0.2.jar:na]
	at com.datastax.driver.core.Metadata.rebuildSchema(Metadata.java:94) [cassandra-driver-core-2.0.2.jar:na]
	at com.datastax.driver.core.ControlConnection.refreshSchema(ControlConnection.java:294) [cassandra-driver-core-2.0.2.jar:na]
	at com.datastax.driver.core.ControlConnection.tryConnect(ControlConnection.java:231) [cassandra-driver-core-2.0.2.jar:na]
	at com.datastax.driver.core.ControlConnection.reconnectInternal(ControlConnection.java:171) [cassandra-driver-core-2.0.2.jar:na]
	at com.datastax.driver.core.ControlConnection.connect(ControlConnection.java:79) [cassandra-driver-core-2.0.2.jar:na]
	at com.datastax.driver.core.Cluster$Manager.init(Cluster.java:1104) [cassandra-driver-core-2.0.2.jar:na]
	at com.datastax.driver.core.Cluster.getMetadata(Cluster.java:271) [cassandra-driver-core-2.0.2.jar:na]
	at cassandraQueryIntf.CassandraConnector.connect(CassandraConnector.java:42) [classes/:na]
	at cassandraQueryIntf.CassandraReader.getDataFromCassandra(CassandraReader.java:36) [classes/:na]
	at controllers.Application$11.apply(Application.java:332) [classes/:na]
	at controllers.Application$11.apply(Application.java:330) [classes/:na]
	at play.core.j.FPromiseHelper$$anonfun$promise$2.apply(FPromiseHelper.scala:36) [play_2.11-2.3.8.jar:2.3.8]
	at scala.concurrent.impl.Future$PromiseCompletingRunnable.liftedTree1$1(Future.scala:24) [scala-library-2.11.1.jar:na]
	at scala.concurrent.impl.Future$PromiseCompletingRunnable.run(Future.scala:24) [scala-library-2.11.1.jar:na]
	at play.core.j.HttpExecutionContext$$anon$2.run(HttpExecutionContext.scala:40) [play_2.11-2.3.8.jar:2.3.8]
	at akka.dispatch.TaskInvocation.run(AbstractDispatcher.scala:41) [akka-actor_2.11-2.3.4.jar:na]
	at akka.dispatch.ForkJoinExecutorConfigurator$AkkaForkJoinTask.exec(AbstractDispatcher.scala:393) [akka-actor_2.11-2.3.4.jar:na]
	at scala.concurrent.forkjoin.ForkJoinTask.doExec(ForkJoinTask.java:260) [scala-library-2.11.1.jar:na]
	at scala.concurrent.forkjoin.ForkJoinPool$WorkQueue.runTask(ForkJoinPool.java:1339) [scala-library-2.11.1.jar:na]
	at scala.concurrent.forkjoin.ForkJoinPool.runWorker(ForkJoinPool.java:1979) [scala-library-2.11.1.jar:na]
	at scala.concurrent.forkjoin.ForkJoinWorkerThread.run(ForkJoinWorkerThread.java:107) [scala-library-2.11.1.jar:na]

2015-03-14 13:51:51,829 - [ERROR] - from com.datastax.driver.core.TableMetadata in play-akka.actor.default-dispatcher-7 
Error parsing schema options for table system.schema_keyspaces: Cluster.getMetadata().getKeyspace("system").getTable("schema_keyspaces").getOptions() will return null
java.lang.IllegalArgumentException: populate_io_cache_on_flush is not a column defined in this metadata
	at com.datastax.driver.core.ColumnDefinitions.getAllIdx(ColumnDefinitions.java:273) ~[cassandra-driver-core-2.0.2.jar:na]
	at com.datastax.driver.core.ColumnDefinitions.getFirstIdx(ColumnDefinitions.java:279) ~[cassandra-driver-core-2.0.2.jar:na]
	at com.datastax.driver.core.ArrayBackedRow.isNull(ArrayBackedRow.java:56) ~[cassandra-driver-core-2.0.2.jar:na]
	at com.datastax.driver.core.TableMetadata$Options.<init>(TableMetadata.java:529) ~[cassandra-driver-core-2.0.2.jar:na]
	at com.datastax.driver.core.TableMetadata.build(TableMetadata.java:119) ~[cassandra-driver-core-2.0.2.jar:na]
	at com.datastax.driver.core.Metadata.buildTableMetadata(Metadata.java:150) [cassandra-driver-core-2.0.2.jar:na]
	at com.datastax.driver.core.Metadata.rebuildSchema(Metadata.java:94) [cassandra-driver-core-2.0.2.jar:na]
	at com.datastax.driver.core.ControlConnection.refreshSchema(ControlConnection.java:294) [cassandra-driver-core-2.0.2.jar:na]
	at com.datastax.driver.core.ControlConnection.tryConnect(ControlConnection.java:231) [cassandra-driver-core-2.0.2.jar:na]
	at com.datastax.driver.core.ControlConnection.reconnectInternal(ControlConnection.java:171) [cassandra-driver-core-2.0.2.jar:na]
	at com.datastax.driver.core.ControlConnection.connect(ControlConnection.java:79) [cassandra-driver-core-2.0.2.jar:na]
	at com.datastax.driver.core.Cluster$Manager.init(Cluster.java:1104) [cassandra-driver-core-2.0.2.jar:na]
	at com.datastax.driver.core.Cluster.getMetadata(Cluster.java:271) [cassandra-driver-core-2.0.2.jar:na]
	at cassandraQueryIntf.CassandraConnector.connect(CassandraConnector.java:42) [classes/:na]
	at cassandraQueryIntf.CassandraReader.getDataFromCassandra(CassandraReader.java:36) [classes/:na]
	at controllers.Application$11.apply(Application.java:332) [classes/:na]
	at controllers.Application$11.apply(Application.java:330) [classes/:na]
	at play.core.j.FPromiseHelper$$anonfun$promise$2.apply(FPromiseHelper.scala:36) [play_2.11-2.3.8.jar:2.3.8]
	at scala.concurrent.impl.Future$PromiseCompletingRunnable.liftedTree1$1(Future.scala:24) [scala-library-2.11.1.jar:na]
	at scala.concurrent.impl.Future$PromiseCompletingRunnable.run(Future.scala:24) [scala-library-2.11.1.jar:na]
	at play.core.j.HttpExecutionContext$$anon$2.run(HttpExecutionContext.scala:40) [play_2.11-2.3.8.jar:2.3.8]
	at akka.dispatch.TaskInvocation.run(AbstractDispatcher.scala:41) [akka-actor_2.11-2.3.4.jar:na]
	at akka.dispatch.ForkJoinExecutorConfigurator$AkkaForkJoinTask.exec(AbstractDispatcher.scala:393) [akka-actor_2.11-2.3.4.jar:na]
	at scala.concurrent.forkjoin.ForkJoinTask.doExec(ForkJoinTask.java:260) [scala-library-2.11.1.jar:na]
	at scala.concurrent.forkjoin.ForkJoinPool$WorkQueue.runTask(ForkJoinPool.java:1339) [scala-library-2.11.1.jar:na]
	at scala.concurrent.forkjoin.ForkJoinPool.runWorker(ForkJoinPool.java:1979) [scala-library-2.11.1.jar:na]
	at scala.concurrent.forkjoin.ForkJoinWorkerThread.run(ForkJoinWorkerThread.java:107) [scala-library-2.11.1.jar:na]

2015-03-14 13:51:51,830 - [ERROR] - from com.datastax.driver.core.TableMetadata in play-akka.actor.default-dispatcher-7 
Error parsing schema options for table system.schema_triggers: Cluster.getMetadata().getKeyspace("system").getTable("schema_triggers").getOptions() will return null
java.lang.IllegalArgumentException: populate_io_cache_on_flush is not a column defined in this metadata
	at com.datastax.driver.core.ColumnDefinitions.getAllIdx(ColumnDefinitions.java:273) ~[cassandra-driver-core-2.0.2.jar:na]
	at com.datastax.driver.core.ColumnDefinitions.getFirstIdx(ColumnDefinitions.java:279) ~[cassandra-driver-core-2.0.2.jar:na]
	at com.datastax.driver.core.ArrayBackedRow.isNull(ArrayBackedRow.java:56) ~[cassandra-driver-core-2.0.2.jar:na]
	at com.datastax.driver.core.TableMetadata$Options.<init>(TableMetadata.java:529) ~[cassandra-driver-core-2.0.2.jar:na]
	at com.datastax.driver.core.TableMetadata.build(TableMetadata.java:119) ~[cassandra-driver-core-2.0.2.jar:na]
	at com.datastax.driver.core.Metadata.buildTableMetadata(Metadata.java:150) [cassandra-driver-core-2.0.2.jar:na]
	at com.datastax.driver.core.Metadata.rebuildSchema(Metadata.java:94) [cassandra-driver-core-2.0.2.jar:na]
	at com.datastax.driver.core.ControlConnection.refreshSchema(ControlConnection.java:294) [cassandra-driver-core-2.0.2.jar:na]
	at com.datastax.driver.core.ControlConnection.tryConnect(ControlConnection.java:231) [cassandra-driver-core-2.0.2.jar:na]
	at com.datastax.driver.core.ControlConnection.reconnectInternal(ControlConnection.java:171) [cassandra-driver-core-2.0.2.jar:na]
	at com.datastax.driver.core.ControlConnection.connect(ControlConnection.java:79) [cassandra-driver-core-2.0.2.jar:na]
	at com.datastax.driver.core.Cluster$Manager.init(Cluster.java:1104) [cassandra-driver-core-2.0.2.jar:na]
	at com.datastax.driver.core.Cluster.getMetadata(Cluster.java:271) [cassandra-driver-core-2.0.2.jar:na]
	at cassandraQueryIntf.CassandraConnector.connect(CassandraConnector.java:42) [classes/:na]
	at cassandraQueryIntf.CassandraReader.getDataFromCassandra(CassandraReader.java:36) [classes/:na]
	at controllers.Application$11.apply(Application.java:332) [classes/:na]
	at controllers.Application$11.apply(Application.java:330) [classes/:na]
	at play.core.j.FPromiseHelper$$anonfun$promise$2.apply(FPromiseHelper.scala:36) [play_2.11-2.3.8.jar:2.3.8]
	at scala.concurrent.impl.Future$PromiseCompletingRunnable.liftedTree1$1(Future.scala:24) [scala-library-2.11.1.jar:na]
	at scala.concurrent.impl.Future$PromiseCompletingRunnable.run(Future.scala:24) [scala-library-2.11.1.jar:na]
	at play.core.j.HttpExecutionContext$$anon$2.run(HttpExecutionContext.scala:40) [play_2.11-2.3.8.jar:2.3.8]
	at akka.dispatch.TaskInvocation.run(AbstractDispatcher.scala:41) [akka-actor_2.11-2.3.4.jar:na]
	at akka.dispatch.ForkJoinExecutorConfigurator$AkkaForkJoinTask.exec(AbstractDispatcher.scala:393) [akka-actor_2.11-2.3.4.jar:na]
	at scala.concurrent.forkjoin.ForkJoinTask.doExec(ForkJoinTask.java:260) [scala-library-2.11.1.jar:na]
	at scala.concurrent.forkjoin.ForkJoinPool$WorkQueue.runTask(ForkJoinPool.java:1339) [scala-library-2.11.1.jar:na]
	at scala.concurrent.forkjoin.ForkJoinPool.runWorker(ForkJoinPool.java:1979) [scala-library-2.11.1.jar:na]
	at scala.concurrent.forkjoin.ForkJoinWorkerThread.run(ForkJoinWorkerThread.java:107) [scala-library-2.11.1.jar:na]

2015-03-14 13:51:51,832 - [ERROR] - from com.datastax.driver.core.TableMetadata in play-akka.actor.default-dispatcher-7 
Error parsing schema options for table system.schema_usertypes: Cluster.getMetadata().getKeyspace("system").getTable("schema_usertypes").getOptions() will return null
java.lang.IllegalArgumentException: populate_io_cache_on_flush is not a column defined in this metadata
	at com.datastax.driver.core.ColumnDefinitions.getAllIdx(ColumnDefinitions.java:273) ~[cassandra-driver-core-2.0.2.jar:na]
	at com.datastax.driver.core.ColumnDefinitions.getFirstIdx(ColumnDefinitions.java:279) ~[cassandra-driver-core-2.0.2.jar:na]
	at com.datastax.driver.core.ArrayBackedRow.isNull(ArrayBackedRow.java:56) ~[cassandra-driver-core-2.0.2.jar:na]
	at com.datastax.driver.core.TableMetadata$Options.<init>(TableMetadata.java:529) ~[cassandra-driver-core-2.0.2.jar:na]
	at com.datastax.driver.core.TableMetadata.build(TableMetadata.java:119) ~[cassandra-driver-core-2.0.2.jar:na]
	at com.datastax.driver.core.Metadata.buildTableMetadata(Metadata.java:150) [cassandra-driver-core-2.0.2.jar:na]
	at com.datastax.driver.core.Metadata.rebuildSchema(Metadata.java:94) [cassandra-driver-core-2.0.2.jar:na]
	at com.datastax.driver.core.ControlConnection.refreshSchema(ControlConnection.java:294) [cassandra-driver-core-2.0.2.jar:na]
	at com.datastax.driver.core.ControlConnection.tryConnect(ControlConnection.java:231) [cassandra-driver-core-2.0.2.jar:na]
	at com.datastax.driver.core.ControlConnection.reconnectInternal(ControlConnection.java:171) [cassandra-driver-core-2.0.2.jar:na]
	at com.datastax.driver.core.ControlConnection.connect(ControlConnection.java:79) [cassandra-driver-core-2.0.2.jar:na]
	at com.datastax.driver.core.Cluster$Manager.init(Cluster.java:1104) [cassandra-driver-core-2.0.2.jar:na]
	at com.datastax.driver.core.Cluster.getMetadata(Cluster.java:271) [cassandra-driver-core-2.0.2.jar:na]
	at cassandraQueryIntf.CassandraConnector.connect(CassandraConnector.java:42) [classes/:na]
	at cassandraQueryIntf.CassandraReader.getDataFromCassandra(CassandraReader.java:36) [classes/:na]
	at controllers.Application$11.apply(Application.java:332) [classes/:na]
	at controllers.Application$11.apply(Application.java:330) [classes/:na]
	at play.core.j.FPromiseHelper$$anonfun$promise$2.apply(FPromiseHelper.scala:36) [play_2.11-2.3.8.jar:2.3.8]
	at scala.concurrent.impl.Future$PromiseCompletingRunnable.liftedTree1$1(Future.scala:24) [scala-library-2.11.1.jar:na]
	at scala.concurrent.impl.Future$PromiseCompletingRunnable.run(Future.scala:24) [scala-library-2.11.1.jar:na]
	at play.core.j.HttpExecutionContext$$anon$2.run(HttpExecutionContext.scala:40) [play_2.11-2.3.8.jar:2.3.8]
	at akka.dispatch.TaskInvocation.run(AbstractDispatcher.scala:41) [akka-actor_2.11-2.3.4.jar:na]
	at akka.dispatch.ForkJoinExecutorConfigurator$AkkaForkJoinTask.exec(AbstractDispatcher.scala:393) [akka-actor_2.11-2.3.4.jar:na]
	at scala.concurrent.forkjoin.ForkJoinTask.doExec(ForkJoinTask.java:260) [scala-library-2.11.1.jar:na]
	at scala.concurrent.forkjoin.ForkJoinPool$WorkQueue.runTask(ForkJoinPool.java:1339) [scala-library-2.11.1.jar:na]
	at scala.concurrent.forkjoin.ForkJoinPool.runWorker(ForkJoinPool.java:1979) [scala-library-2.11.1.jar:na]
	at scala.concurrent.forkjoin.ForkJoinWorkerThread.run(ForkJoinWorkerThread.java:107) [scala-library-2.11.1.jar:na]

2015-03-14 13:51:51,836 - [ERROR] - from com.datastax.driver.core.TableMetadata in play-akka.actor.default-dispatcher-7 
Error parsing schema options for table system.size_estimates: Cluster.getMetadata().getKeyspace("system").getTable("size_estimates").getOptions() will return null
java.lang.IllegalArgumentException: populate_io_cache_on_flush is not a column defined in this metadata
	at com.datastax.driver.core.ColumnDefinitions.getAllIdx(ColumnDefinitions.java:273) ~[cassandra-driver-core-2.0.2.jar:na]
	at com.datastax.driver.core.ColumnDefinitions.getFirstIdx(ColumnDefinitions.java:279) ~[cassandra-driver-core-2.0.2.jar:na]
	at com.datastax.driver.core.ArrayBackedRow.isNull(ArrayBackedRow.java:56) ~[cassandra-driver-core-2.0.2.jar:na]
	at com.datastax.driver.core.TableMetadata$Options.<init>(TableMetadata.java:529) ~[cassandra-driver-core-2.0.2.jar:na]
	at com.datastax.driver.core.TableMetadata.build(TableMetadata.java:119) ~[cassandra-driver-core-2.0.2.jar:na]
	at com.datastax.driver.core.Metadata.buildTableMetadata(Metadata.java:150) [cassandra-driver-core-2.0.2.jar:na]
	at com.datastax.driver.core.Metadata.rebuildSchema(Metadata.java:94) [cassandra-driver-core-2.0.2.jar:na]
	at com.datastax.driver.core.ControlConnection.refreshSchema(ControlConnection.java:294) [cassandra-driver-core-2.0.2.jar:na]
	at com.datastax.driver.core.ControlConnection.tryConnect(ControlConnection.java:231) [cassandra-driver-core-2.0.2.jar:na]
	at com.datastax.driver.core.ControlConnection.reconnectInternal(ControlConnection.java:171) [cassandra-driver-core-2.0.2.jar:na]
	at com.datastax.driver.core.ControlConnection.connect(ControlConnection.java:79) [cassandra-driver-core-2.0.2.jar:na]
	at com.datastax.driver.core.Cluster$Manager.init(Cluster.java:1104) [cassandra-driver-core-2.0.2.jar:na]
	at com.datastax.driver.core.Cluster.getMetadata(Cluster.java:271) [cassandra-driver-core-2.0.2.jar:na]
	at cassandraQueryIntf.CassandraConnector.connect(CassandraConnector.java:42) [classes/:na]
	at cassandraQueryIntf.CassandraReader.getDataFromCassandra(CassandraReader.java:36) [classes/:na]
	at controllers.Application$11.apply(Application.java:332) [classes/:na]
	at controllers.Application$11.apply(Application.java:330) [classes/:na]
	at play.core.j.FPromiseHelper$$anonfun$promise$2.apply(FPromiseHelper.scala:36) [play_2.11-2.3.8.jar:2.3.8]
	at scala.concurrent.impl.Future$PromiseCompletingRunnable.liftedTree1$1(Future.scala:24) [scala-library-2.11.1.jar:na]
	at scala.concurrent.impl.Future$PromiseCompletingRunnable.run(Future.scala:24) [scala-library-2.11.1.jar:na]
	at play.core.j.HttpExecutionContext$$anon$2.run(HttpExecutionContext.scala:40) [play_2.11-2.3.8.jar:2.3.8]
	at akka.dispatch.TaskInvocation.run(AbstractDispatcher.scala:41) [akka-actor_2.11-2.3.4.jar:na]
	at akka.dispatch.ForkJoinExecutorConfigurator$AkkaForkJoinTask.exec(AbstractDispatcher.scala:393) [akka-actor_2.11-2.3.4.jar:na]
	at scala.concurrent.forkjoin.ForkJoinTask.doExec(ForkJoinTask.java:260) [scala-library-2.11.1.jar:na]
	at scala.concurrent.forkjoin.ForkJoinPool$WorkQueue.runTask(ForkJoinPool.java:1339) [scala-library-2.11.1.jar:na]
	at scala.concurrent.forkjoin.ForkJoinPool.runWorker(ForkJoinPool.java:1979) [scala-library-2.11.1.jar:na]
	at scala.concurrent.forkjoin.ForkJoinWorkerThread.run(ForkJoinWorkerThread.java:107) [scala-library-2.11.1.jar:na]

2015-03-14 13:51:51,837 - [ERROR] - from com.datastax.driver.core.TableMetadata in play-akka.actor.default-dispatcher-7 
Error parsing schema options for table system.sstable_activity: Cluster.getMetadata().getKeyspace("system").getTable("sstable_activity").getOptions() will return null
java.lang.IllegalArgumentException: populate_io_cache_on_flush is not a column defined in this metadata
	at com.datastax.driver.core.ColumnDefinitions.getAllIdx(ColumnDefinitions.java:273) ~[cassandra-driver-core-2.0.2.jar:na]
	at com.datastax.driver.core.ColumnDefinitions.getFirstIdx(ColumnDefinitions.java:279) ~[cassandra-driver-core-2.0.2.jar:na]
	at com.datastax.driver.core.ArrayBackedRow.isNull(ArrayBackedRow.java:56) ~[cassandra-driver-core-2.0.2.jar:na]
	at com.datastax.driver.core.TableMetadata$Options.<init>(TableMetadata.java:529) ~[cassandra-driver-core-2.0.2.jar:na]
	at com.datastax.driver.core.TableMetadata.build(TableMetadata.java:119) ~[cassandra-driver-core-2.0.2.jar:na]
	at com.datastax.driver.core.Metadata.buildTableMetadata(Metadata.java:150) [cassandra-driver-core-2.0.2.jar:na]
	at com.datastax.driver.core.Metadata.rebuildSchema(Metadata.java:94) [cassandra-driver-core-2.0.2.jar:na]
	at com.datastax.driver.core.ControlConnection.refreshSchema(ControlConnection.java:294) [cassandra-driver-core-2.0.2.jar:na]
	at com.datastax.driver.core.ControlConnection.tryConnect(ControlConnection.java:231) [cassandra-driver-core-2.0.2.jar:na]
	at com.datastax.driver.core.ControlConnection.reconnectInternal(ControlConnection.java:171) [cassandra-driver-core-2.0.2.jar:na]
	at com.datastax.driver.core.ControlConnection.connect(ControlConnection.java:79) [cassandra-driver-core-2.0.2.jar:na]
	at com.datastax.driver.core.Cluster$Manager.init(Cluster.java:1104) [cassandra-driver-core-2.0.2.jar:na]
	at com.datastax.driver.core.Cluster.getMetadata(Cluster.java:271) [cassandra-driver-core-2.0.2.jar:na]
	at cassandraQueryIntf.CassandraConnector.connect(CassandraConnector.java:42) [classes/:na]
	at cassandraQueryIntf.CassandraReader.getDataFromCassandra(CassandraReader.java:36) [classes/:na]
	at controllers.Application$11.apply(Application.java:332) [classes/:na]
	at controllers.Application$11.apply(Application.java:330) [classes/:na]
	at play.core.j.FPromiseHelper$$anonfun$promise$2.apply(FPromiseHelper.scala:36) [play_2.11-2.3.8.jar:2.3.8]
	at scala.concurrent.impl.Future$PromiseCompletingRunnable.liftedTree1$1(Future.scala:24) [scala-library-2.11.1.jar:na]
	at scala.concurrent.impl.Future$PromiseCompletingRunnable.run(Future.scala:24) [scala-library-2.11.1.jar:na]
	at play.core.j.HttpExecutionContext$$anon$2.run(HttpExecutionContext.scala:40) [play_2.11-2.3.8.jar:2.3.8]
	at akka.dispatch.TaskInvocation.run(AbstractDispatcher.scala:41) [akka-actor_2.11-2.3.4.jar:na]
	at akka.dispatch.ForkJoinExecutorConfigurator$AkkaForkJoinTask.exec(AbstractDispatcher.scala:393) [akka-actor_2.11-2.3.4.jar:na]
	at scala.concurrent.forkjoin.ForkJoinTask.doExec(ForkJoinTask.java:260) [scala-library-2.11.1.jar:na]
	at scala.concurrent.forkjoin.ForkJoinPool$WorkQueue.runTask(ForkJoinPool.java:1339) [scala-library-2.11.1.jar:na]
	at scala.concurrent.forkjoin.ForkJoinPool.runWorker(ForkJoinPool.java:1979) [scala-library-2.11.1.jar:na]
	at scala.concurrent.forkjoin.ForkJoinWorkerThread.run(ForkJoinWorkerThread.java:107) [scala-library-2.11.1.jar:na]

2015-03-14 13:51:51,839 - [ERROR] - from com.datastax.driver.core.TableMetadata in play-akka.actor.default-dispatcher-7 
Error parsing schema options for table system_traces.events: Cluster.getMetadata().getKeyspace("system_traces").getTable("events").getOptions() will return null
java.lang.IllegalArgumentException: populate_io_cache_on_flush is not a column defined in this metadata
	at com.datastax.driver.core.ColumnDefinitions.getAllIdx(ColumnDefinitions.java:273) ~[cassandra-driver-core-2.0.2.jar:na]
	at com.datastax.driver.core.ColumnDefinitions.getFirstIdx(ColumnDefinitions.java:279) ~[cassandra-driver-core-2.0.2.jar:na]
	at com.datastax.driver.core.ArrayBackedRow.isNull(ArrayBackedRow.java:56) ~[cassandra-driver-core-2.0.2.jar:na]
	at com.datastax.driver.core.TableMetadata$Options.<init>(TableMetadata.java:529) ~[cassandra-driver-core-2.0.2.jar:na]
	at com.datastax.driver.core.TableMetadata.build(TableMetadata.java:119) ~[cassandra-driver-core-2.0.2.jar:na]
	at com.datastax.driver.core.Metadata.buildTableMetadata(Metadata.java:150) [cassandra-driver-core-2.0.2.jar:na]
	at com.datastax.driver.core.Metadata.rebuildSchema(Metadata.java:94) [cassandra-driver-core-2.0.2.jar:na]
	at com.datastax.driver.core.ControlConnection.refreshSchema(ControlConnection.java:294) [cassandra-driver-core-2.0.2.jar:na]
	at com.datastax.driver.core.ControlConnection.tryConnect(ControlConnection.java:231) [cassandra-driver-core-2.0.2.jar:na]
	at com.datastax.driver.core.ControlConnection.reconnectInternal(ControlConnection.java:171) [cassandra-driver-core-2.0.2.jar:na]
	at com.datastax.driver.core.ControlConnection.connect(ControlConnection.java:79) [cassandra-driver-core-2.0.2.jar:na]
	at com.datastax.driver.core.Cluster$Manager.init(Cluster.java:1104) [cassandra-driver-core-2.0.2.jar:na]
	at com.datastax.driver.core.Cluster.getMetadata(Cluster.java:271) [cassandra-driver-core-2.0.2.jar:na]
	at cassandraQueryIntf.CassandraConnector.connect(CassandraConnector.java:42) [classes/:na]
	at cassandraQueryIntf.CassandraReader.getDataFromCassandra(CassandraReader.java:36) [classes/:na]
	at controllers.Application$11.apply(Application.java:332) [classes/:na]
	at controllers.Application$11.apply(Application.java:330) [classes/:na]
	at play.core.j.FPromiseHelper$$anonfun$promise$2.apply(FPromiseHelper.scala:36) [play_2.11-2.3.8.jar:2.3.8]
	at scala.concurrent.impl.Future$PromiseCompletingRunnable.liftedTree1$1(Future.scala:24) [scala-library-2.11.1.jar:na]
	at scala.concurrent.impl.Future$PromiseCompletingRunnable.run(Future.scala:24) [scala-library-2.11.1.jar:na]
	at play.core.j.HttpExecutionContext$$anon$2.run(HttpExecutionContext.scala:40) [play_2.11-2.3.8.jar:2.3.8]
	at akka.dispatch.TaskInvocation.run(AbstractDispatcher.scala:41) [akka-actor_2.11-2.3.4.jar:na]
	at akka.dispatch.ForkJoinExecutorConfigurator$AkkaForkJoinTask.exec(AbstractDispatcher.scala:393) [akka-actor_2.11-2.3.4.jar:na]
	at scala.concurrent.forkjoin.ForkJoinTask.doExec(ForkJoinTask.java:260) [scala-library-2.11.1.jar:na]
	at scala.concurrent.forkjoin.ForkJoinPool$WorkQueue.runTask(ForkJoinPool.java:1339) [scala-library-2.11.1.jar:na]
	at scala.concurrent.forkjoin.ForkJoinPool.runWorker(ForkJoinPool.java:1979) [scala-library-2.11.1.jar:na]
	at scala.concurrent.forkjoin.ForkJoinWorkerThread.run(ForkJoinWorkerThread.java:107) [scala-library-2.11.1.jar:na]

2015-03-14 13:51:51,841 - [ERROR] - from com.datastax.driver.core.TableMetadata in play-akka.actor.default-dispatcher-7 
Error parsing schema options for table system_traces.sessions: Cluster.getMetadata().getKeyspace("system_traces").getTable("sessions").getOptions() will return null
java.lang.IllegalArgumentException: populate_io_cache_on_flush is not a column defined in this metadata
	at com.datastax.driver.core.ColumnDefinitions.getAllIdx(ColumnDefinitions.java:273) ~[cassandra-driver-core-2.0.2.jar:na]
	at com.datastax.driver.core.ColumnDefinitions.getFirstIdx(ColumnDefinitions.java:279) ~[cassandra-driver-core-2.0.2.jar:na]
	at com.datastax.driver.core.ArrayBackedRow.isNull(ArrayBackedRow.java:56) ~[cassandra-driver-core-2.0.2.jar:na]
	at com.datastax.driver.core.TableMetadata$Options.<init>(TableMetadata.java:529) ~[cassandra-driver-core-2.0.2.jar:na]
	at com.datastax.driver.core.TableMetadata.build(TableMetadata.java:119) ~[cassandra-driver-core-2.0.2.jar:na]
	at com.datastax.driver.core.Metadata.buildTableMetadata(Metadata.java:150) [cassandra-driver-core-2.0.2.jar:na]
	at com.datastax.driver.core.Metadata.rebuildSchema(Metadata.java:94) [cassandra-driver-core-2.0.2.jar:na]
	at com.datastax.driver.core.ControlConnection.refreshSchema(ControlConnection.java:294) [cassandra-driver-core-2.0.2.jar:na]
	at com.datastax.driver.core.ControlConnection.tryConnect(ControlConnection.java:231) [cassandra-driver-core-2.0.2.jar:na]
	at com.datastax.driver.core.ControlConnection.reconnectInternal(ControlConnection.java:171) [cassandra-driver-core-2.0.2.jar:na]
	at com.datastax.driver.core.ControlConnection.connect(ControlConnection.java:79) [cassandra-driver-core-2.0.2.jar:na]
	at com.datastax.driver.core.Cluster$Manager.init(Cluster.java:1104) [cassandra-driver-core-2.0.2.jar:na]
	at com.datastax.driver.core.Cluster.getMetadata(Cluster.java:271) [cassandra-driver-core-2.0.2.jar:na]
	at cassandraQueryIntf.CassandraConnector.connect(CassandraConnector.java:42) [classes/:na]
	at cassandraQueryIntf.CassandraReader.getDataFromCassandra(CassandraReader.java:36) [classes/:na]
	at controllers.Application$11.apply(Application.java:332) [classes/:na]
	at controllers.Application$11.apply(Application.java:330) [classes/:na]
	at play.core.j.FPromiseHelper$$anonfun$promise$2.apply(FPromiseHelper.scala:36) [play_2.11-2.3.8.jar:2.3.8]
	at scala.concurrent.impl.Future$PromiseCompletingRunnable.liftedTree1$1(Future.scala:24) [scala-library-2.11.1.jar:na]
	at scala.concurrent.impl.Future$PromiseCompletingRunnable.run(Future.scala:24) [scala-library-2.11.1.jar:na]
	at play.core.j.HttpExecutionContext$$anon$2.run(HttpExecutionContext.scala:40) [play_2.11-2.3.8.jar:2.3.8]
	at akka.dispatch.TaskInvocation.run(AbstractDispatcher.scala:41) [akka-actor_2.11-2.3.4.jar:na]
	at akka.dispatch.ForkJoinExecutorConfigurator$AkkaForkJoinTask.exec(AbstractDispatcher.scala:393) [akka-actor_2.11-2.3.4.jar:na]
	at scala.concurrent.forkjoin.ForkJoinTask.doExec(ForkJoinTask.java:260) [scala-library-2.11.1.jar:na]
	at scala.concurrent.forkjoin.ForkJoinPool$WorkQueue.runTask(ForkJoinPool.java:1339) [scala-library-2.11.1.jar:na]
	at scala.concurrent.forkjoin.ForkJoinPool.runWorker(ForkJoinPool.java:1979) [scala-library-2.11.1.jar:na]
	at scala.concurrent.forkjoin.ForkJoinWorkerThread.run(ForkJoinWorkerThread.java:107) [scala-library-2.11.1.jar:na]

2015-03-14 13:51:51,843 - [ERROR] - from com.datastax.driver.core.TableMetadata in play-akka.actor.default-dispatcher-7 
Error parsing schema options for table demo.books: Cluster.getMetadata().getKeyspace("demo").getTable("books").getOptions() will return null
java.lang.IllegalArgumentException: populate_io_cache_on_flush is not a column defined in this metadata
	at com.datastax.driver.core.ColumnDefinitions.getAllIdx(ColumnDefinitions.java:273) ~[cassandra-driver-core-2.0.2.jar:na]
	at com.datastax.driver.core.ColumnDefinitions.getFirstIdx(ColumnDefinitions.java:279) ~[cassandra-driver-core-2.0.2.jar:na]
	at com.datastax.driver.core.ArrayBackedRow.isNull(ArrayBackedRow.java:56) ~[cassandra-driver-core-2.0.2.jar:na]
	at com.datastax.driver.core.TableMetadata$Options.<init>(TableMetadata.java:529) ~[cassandra-driver-core-2.0.2.jar:na]
	at com.datastax.driver.core.TableMetadata.build(TableMetadata.java:119) ~[cassandra-driver-core-2.0.2.jar:na]
	at com.datastax.driver.core.Metadata.buildTableMetadata(Metadata.java:150) [cassandra-driver-core-2.0.2.jar:na]
	at com.datastax.driver.core.Metadata.rebuildSchema(Metadata.java:94) [cassandra-driver-core-2.0.2.jar:na]
	at com.datastax.driver.core.ControlConnection.refreshSchema(ControlConnection.java:294) [cassandra-driver-core-2.0.2.jar:na]
	at com.datastax.driver.core.ControlConnection.tryConnect(ControlConnection.java:231) [cassandra-driver-core-2.0.2.jar:na]
	at com.datastax.driver.core.ControlConnection.reconnectInternal(ControlConnection.java:171) [cassandra-driver-core-2.0.2.jar:na]
	at com.datastax.driver.core.ControlConnection.connect(ControlConnection.java:79) [cassandra-driver-core-2.0.2.jar:na]
	at com.datastax.driver.core.Cluster$Manager.init(Cluster.java:1104) [cassandra-driver-core-2.0.2.jar:na]
	at com.datastax.driver.core.Cluster.getMetadata(Cluster.java:271) [cassandra-driver-core-2.0.2.jar:na]
	at cassandraQueryIntf.CassandraConnector.connect(CassandraConnector.java:42) [classes/:na]
	at cassandraQueryIntf.CassandraReader.getDataFromCassandra(CassandraReader.java:36) [classes/:na]
	at controllers.Application$11.apply(Application.java:332) [classes/:na]
	at controllers.Application$11.apply(Application.java:330) [classes/:na]
	at play.core.j.FPromiseHelper$$anonfun$promise$2.apply(FPromiseHelper.scala:36) [play_2.11-2.3.8.jar:2.3.8]
	at scala.concurrent.impl.Future$PromiseCompletingRunnable.liftedTree1$1(Future.scala:24) [scala-library-2.11.1.jar:na]
	at scala.concurrent.impl.Future$PromiseCompletingRunnable.run(Future.scala:24) [scala-library-2.11.1.jar:na]
	at play.core.j.HttpExecutionContext$$anon$2.run(HttpExecutionContext.scala:40) [play_2.11-2.3.8.jar:2.3.8]
	at akka.dispatch.TaskInvocation.run(AbstractDispatcher.scala:41) [akka-actor_2.11-2.3.4.jar:na]
	at akka.dispatch.ForkJoinExecutorConfigurator$AkkaForkJoinTask.exec(AbstractDispatcher.scala:393) [akka-actor_2.11-2.3.4.jar:na]
	at scala.concurrent.forkjoin.ForkJoinTask.doExec(ForkJoinTask.java:260) [scala-library-2.11.1.jar:na]
	at scala.concurrent.forkjoin.ForkJoinPool$WorkQueue.runTask(ForkJoinPool.java:1339) [scala-library-2.11.1.jar:na]
	at scala.concurrent.forkjoin.ForkJoinPool.runWorker(ForkJoinPool.java:1979) [scala-library-2.11.1.jar:na]
	at scala.concurrent.forkjoin.ForkJoinWorkerThread.run(ForkJoinWorkerThread.java:107) [scala-library-2.11.1.jar:na]

2015-03-14 13:51:51,845 - [ERROR] - from com.datastax.driver.core.TableMetadata in play-akka.actor.default-dispatcher-7 
Error parsing schema options for table demo.users: Cluster.getMetadata().getKeyspace("demo").getTable("users").getOptions() will return null
java.lang.IllegalArgumentException: populate_io_cache_on_flush is not a column defined in this metadata
	at com.datastax.driver.core.ColumnDefinitions.getAllIdx(ColumnDefinitions.java:273) ~[cassandra-driver-core-2.0.2.jar:na]
	at com.datastax.driver.core.ColumnDefinitions.getFirstIdx(ColumnDefinitions.java:279) ~[cassandra-driver-core-2.0.2.jar:na]
	at com.datastax.driver.core.ArrayBackedRow.isNull(ArrayBackedRow.java:56) ~[cassandra-driver-core-2.0.2.jar:na]
	at com.datastax.driver.core.TableMetadata$Options.<init>(TableMetadata.java:529) ~[cassandra-driver-core-2.0.2.jar:na]
	at com.datastax.driver.core.TableMetadata.build(TableMetadata.java:119) ~[cassandra-driver-core-2.0.2.jar:na]
	at com.datastax.driver.core.Metadata.buildTableMetadata(Metadata.java:150) [cassandra-driver-core-2.0.2.jar:na]
	at com.datastax.driver.core.Metadata.rebuildSchema(Metadata.java:94) [cassandra-driver-core-2.0.2.jar:na]
	at com.datastax.driver.core.ControlConnection.refreshSchema(ControlConnection.java:294) [cassandra-driver-core-2.0.2.jar:na]
	at com.datastax.driver.core.ControlConnection.tryConnect(ControlConnection.java:231) [cassandra-driver-core-2.0.2.jar:na]
	at com.datastax.driver.core.ControlConnection.reconnectInternal(ControlConnection.java:171) [cassandra-driver-core-2.0.2.jar:na]
	at com.datastax.driver.core.ControlConnection.connect(ControlConnection.java:79) [cassandra-driver-core-2.0.2.jar:na]
	at com.datastax.driver.core.Cluster$Manager.init(Cluster.java:1104) [cassandra-driver-core-2.0.2.jar:na]
	at com.datastax.driver.core.Cluster.getMetadata(Cluster.java:271) [cassandra-driver-core-2.0.2.jar:na]
	at cassandraQueryIntf.CassandraConnector.connect(CassandraConnector.java:42) [classes/:na]
	at cassandraQueryIntf.CassandraReader.getDataFromCassandra(CassandraReader.java:36) [classes/:na]
	at controllers.Application$11.apply(Application.java:332) [classes/:na]
	at controllers.Application$11.apply(Application.java:330) [classes/:na]
	at play.core.j.FPromiseHelper$$anonfun$promise$2.apply(FPromiseHelper.scala:36) [play_2.11-2.3.8.jar:2.3.8]
	at scala.concurrent.impl.Future$PromiseCompletingRunnable.liftedTree1$1(Future.scala:24) [scala-library-2.11.1.jar:na]
	at scala.concurrent.impl.Future$PromiseCompletingRunnable.run(Future.scala:24) [scala-library-2.11.1.jar:na]
	at play.core.j.HttpExecutionContext$$anon$2.run(HttpExecutionContext.scala:40) [play_2.11-2.3.8.jar:2.3.8]
	at akka.dispatch.TaskInvocation.run(AbstractDispatcher.scala:41) [akka-actor_2.11-2.3.4.jar:na]
	at akka.dispatch.ForkJoinExecutorConfigurator$AkkaForkJoinTask.exec(AbstractDispatcher.scala:393) [akka-actor_2.11-2.3.4.jar:na]
	at scala.concurrent.forkjoin.ForkJoinTask.doExec(ForkJoinTask.java:260) [scala-library-2.11.1.jar:na]
	at scala.concurrent.forkjoin.ForkJoinPool$WorkQueue.runTask(ForkJoinPool.java:1339) [scala-library-2.11.1.jar:na]
	at scala.concurrent.forkjoin.ForkJoinPool.runWorker(ForkJoinPool.java:1979) [scala-library-2.11.1.jar:na]
	at scala.concurrent.forkjoin.ForkJoinWorkerThread.run(ForkJoinWorkerThread.java:107) [scala-library-2.11.1.jar:na]

2015-03-14 13:51:51,907 - [INFO] - from application in play-akka.actor.default-dispatcher-7 
Connected to cluster:Test Cluster

